Full Tilt Poker Game #1149871502: Table Patriotic (speed) - $0.50/$1 - Limit Hold'em - 23:17:18 ET - 2006/10/25
Seat 1: Bowbldr ($7.50)
Seat 2: kshinyshoesk ($24.70)
Seat 3: meep meep ($40.20)
Seat 4: Bake276 ($47.40)
Seat 5: A A 2 3 5 8 K ($40)
Seat 7: jimmy_chan ($182.20)
Seat 8: CX25YY ($37.10)
Seat 9: hyphenated ($18.60)
CX25YY posts the small blind of $0.25
hyphenated posts the big blind of $0.50
A A 2 3 5 8 K posts $0.50
The button is in seat #7
*** HOLE CARDS ***
Dealt to A A 2 3 5 8 K [5c 3h]
Bowbldr folds
kshinyshoesk raises to $1
meep meep folds
Bake276 folds
A A 2 3 5 8 K folds
jimmy_chan folds
CX25YY has 7 seconds left to act
CX25YY folds
hyphenated folds
Uncalled bet of $0.50 returned to kshinyshoesk
kshinyshoesk mucks
kshinyshoesk wins the pot ($1.75)
*** SUMMARY ***
Total pot $1.75 | Rake $0
Seat 1: Bowbldr didn't bet (folded)
Seat 2: kshinyshoesk collected ($1.75), mucked
Seat 3: meep meep didn't bet (folded)
Seat 4: Bake276 didn't bet (folded)
Seat 5: A A 2 3 5 8 K folded before the Flop
Seat 7: jimmy_chan (button) didn't bet (folded)
Seat 8: CX25YY (small blind) folded before the Flop
Seat 9: hyphenated (big blind) folded before the Flop



Full Tilt Poker Game #1149874830: Table Patriotic (speed) - $0.50/$1 - Limit Hold'em - 23:17:55 ET - 2006/10/25
Seat 1: Bowbldr ($7.50)
Seat 2: kshinyshoesk ($25.95)
Seat 3: meep meep ($40.20)
Seat 4: Bake276 ($47.40)
Seat 5: A A 2 3 5 8 K ($39.50)
Seat 7: jimmy_chan ($182.20)
Seat 8: CX25YY ($36.85)
Seat 9: hyphenated ($18.10)
hyphenated posts the small blind of $0.25
Bowbldr posts the big blind of $0.50
The button is in seat #8
*** HOLE CARDS ***
Dealt to A A 2 3 5 8 K [Jd 6d]
kshinyshoesk folds
meep meep folds
Bake276 raises to $1
A A 2 3 5 8 K folds
jimmy_chan folds
CX25YY folds
hyphenated folds
Bowbldr has 7 seconds left to act
Bowbldr folds
Uncalled bet of $0.50 returned to Bake276
Bake276 mucks
Bake276 wins the pot ($1.25)
*** SUMMARY ***
Total pot $1.25 | Rake $0
Seat 1: Bowbldr (big blind) folded before the Flop
Seat 2: kshinyshoesk didn't bet (folded)
Seat 3: meep meep didn't bet (folded)
Seat 4: Bake276 collected ($1.25), mucked
Seat 5: A A 2 3 5 8 K didn't bet (folded)
Seat 7: jimmy_chan didn't bet (folded)
Seat 8: CX25YY (button) didn't bet (folded)
Seat 9: hyphenated (small blind) folded before the Flop



Full Tilt Poker Game #1149877894: Table Patriotic (speed) - $0.50/$1 - Limit Hold'em - 23:18:29 ET - 2006/10/25
Seat 1: Bowbldr ($7)
Seat 2: kshinyshoesk ($25.95)
Seat 3: meep meep ($40.20)
Seat 4: Bake276 ($48.15)
Seat 5: A A 2 3 5 8 K ($39.50)
Seat 7: jimmy_chan ($182.20)
Seat 8: CX25YY ($36.85)
Seat 9: hyphenated ($17.85)
Bowbldr posts the small blind of $0.25
kshinyshoesk posts the big blind of $0.50
The button is in seat #9
*** HOLE CARDS ***
Dealt to A A 2 3 5 8 K [Kc Qc]
meep meep folds
Bake276 folds
A A 2 3 5 8 K calls $0.50
jimmy_chan folds
CX25YY folds
hyphenated folds
Bowbldr folds
kshinyshoesk checks
*** FLOP *** [3s 9h 8d]
kshinyshoesk bets $0.50
A A 2 3 5 8 K calls $0.50
*** TURN *** [3s 9h 8d] [Kd]
kshinyshoesk bets $1
A A 2 3 5 8 K calls $1
*** RIVER *** [3s 9h 8d Kd] [4s]
kshinyshoesk bets $1
A A 2 3 5 8 K calls $1
*** SHOW DOWN ***
kshinyshoesk shows [9c 8s] (two pair, Nines and Eights)
A A 2 3 5 8 K mucks
kshinyshoesk wins the pot ($5.95) with two pair, Nines and Eights
*** SUMMARY ***
Total pot $6.25 | Rake $0.30
Board: [3s 9h 8d Kd 4s]
Seat 1: Bowbldr (small blind) folded before the Flop
Seat 2: kshinyshoesk (big blind) showed [9c 8s] and won ($5.95) with two pair, Nines and Eights
Seat 3: meep meep didn't bet (folded)
Seat 4: Bake276 didn't bet (folded)
Seat 5: A A 2 3 5 8 K mucked [Kc Qc] - a pair of Kings
Seat 7: jimmy_chan didn't bet (folded)
Seat 8: CX25YY didn't bet (folded)
Seat 9: hyphenated (button) didn't bet (folded)



Full Tilt Poker Game #1149881262: Table Patriotic (speed) - $0.50/$1 - Limit Hold'em - 23:19:06 ET - 2006/10/25
Seat 1: Bowbldr ($6.75)
Seat 2: kshinyshoesk ($28.90)
Seat 3: meep meep ($40.20)
Seat 4: Bake276 ($48.15)
Seat 5: A A 2 3 5 8 K ($36.50)
Seat 7: jimmy_chan ($182.20)
Seat 8: CX25YY ($36.85)
Seat 9: hyphenated ($17.85)
kshinyshoesk posts the small blind of $0.25
meep meep posts the big blind of $0.50
The button is in seat #1
*** HOLE CARDS ***
Dealt to A A 2 3 5 8 K [2c 6c]
Bake276 folds
A A 2 3 5 8 K folds
jimmy_chan folds
CX25YY folds
hyphenated raises to $1
Bowbldr folds
kshinyshoesk folds
meep meep raises to $1.50
hyphenated calls $0.50
*** FLOP *** [4d 9h 6d]
meep meep bets $0.50
hyphenated calls $0.50
*** TURN *** [4d 9h 6d] [8s]
meep meep bets $1
hyphenated folds
Uncalled bet of $1 returned to meep meep
meep meep mucks
meep meep wins the pot ($4.05)
BrewTheJava sits down
*** SUMMARY ***
Total pot $4.25 | Rake $0.20
Board: [4d 9h 6d 8s]
Seat 1: Bowbldr (button) didn't bet (folded)
Seat 2: kshinyshoesk (small blind) folded before the Flop
Seat 3: meep meep (big blind) collected ($4.05), mucked
Seat 4: Bake276 didn't bet (folded)
Seat 5: A A 2 3 5 8 K didn't bet (folded)
Seat 7: jimmy_chan didn't bet (folded)
Seat 8: CX25YY didn't bet (folded)
Seat 9: hyphenated folded on the Turn



Full Tilt Poker Game #1149884625: Table Patriotic (speed) - $0.50/$1 - Limit Hold'em - 23:19:42 ET - 2006/10/25
Seat 1: Bowbldr ($6.75)
Seat 2: kshinyshoesk ($28.65)
Seat 3: meep meep ($42.25)
Seat 4: Bake276 ($48.15)
Seat 5: A A 2 3 5 8 K ($36.50)
Seat 7: jimmy_chan ($182.20)
Seat 8: CX25YY ($36.85)
Seat 9: hyphenated ($15.85)
meep meep posts the small blind of $0.25
Bake276 posts the big blind of $0.50
The button is in seat #2
BrewTheJava adds $10
*** HOLE CARDS ***
Dealt to A A 2 3 5 8 K [8c 4c]
A A 2 3 5 8 K calls $0.50
jimmy_chan folds
CX25YY folds
hyphenated folds
Bowbldr folds
kshinyshoesk raises to $1
meep meep folds
Bake276 calls $0.50
A A 2 3 5 8 K calls $0.50
*** FLOP *** [Js Tc 8s]
Bake276 checks
A A 2 3 5 8 K checks
kshinyshoesk bets $0.50
Bake276 raises to $1
A A 2 3 5 8 K folds
kshinyshoesk calls $0.50
*** TURN *** [Js Tc 8s] [2d]
Bake276 bets $1
kshinyshoesk has 7 seconds left to act
kshinyshoesk calls $1
*** RIVER *** [Js Tc 8s 2d] [5d]
Bake276 checks
kshinyshoesk checks
*** SHOW DOWN ***
Bake276 shows [Qs Jc] (a pair of Jacks)
kshinyshoesk mucks
Bake276 wins the pot ($6.90) with a pair of Jacks
*** SUMMARY ***
Total pot $7.25 | Rake $0.35
Board: [Js Tc 8s 2d 5d]
Seat 1: Bowbldr didn't bet (folded)
Seat 2: kshinyshoesk (button) mucked [Ah Ks] - Ace King high
Seat 3: meep meep (small blind) folded before the Flop
Seat 4: Bake276 (big blind) showed [Qs Jc] and won ($6.90) with a pair of Jacks
Seat 5: A A 2 3 5 8 K folded on the Flop
Seat 7: jimmy_chan didn't bet (folded)
Seat 8: CX25YY didn't bet (folded)
Seat 9: hyphenated didn't bet (folded)



Full Tilt Poker Game #1149890900: Table Patriotic (speed) - $0.50/$1 - Limit Hold'em - 23:20:50 ET - 2006/10/25
Seat 1: Bowbldr ($6.75)
Seat 2: kshinyshoesk ($25.65)
Seat 3: meep meep ($42)
Seat 4: Bake276 ($52.05)
Seat 5: A A 2 3 5 8 K ($35.50)
Seat 6: BrewTheJava ($10)
Seat 7: jimmy_chan ($182.20)
Seat 8: CX25YY ($36.85)
Seat 9: hyphenated ($15.85)
Bake276 posts the small blind of $0.25
A A 2 3 5 8 K posts the big blind of $0.50
BrewTheJava posts $0.50
The button is in seat #3
*** HOLE CARDS ***
Dealt to A A 2 3 5 8 K [6h 7h]
BrewTheJava checks
jimmy_chan folds
CX25YY calls $0.50
hyphenated folds
Bowbldr adds $10
Bowbldr folds
kshinyshoesk folds
meep meep folds
Bake276 calls $0.25
A A 2 3 5 8 K checks
*** FLOP *** [6s 4d Ad]
Bake276 checks
A A 2 3 5 8 K checks
BrewTheJava checks
CX25YY checks
*** TURN *** [6s 4d Ad] [2d]
Bake276 checks
A A 2 3 5 8 K checks
BrewTheJava checks
CX25YY bets $1
Bake276 folds
A A 2 3 5 8 K calls $1
BrewTheJava folds
*** RIVER *** [6s 4d Ad 2d] [Qc]
A A 2 3 5 8 K checks
CX25YY bets $1
A A 2 3 5 8 K folds
Uncalled bet of $1 returned to CX25YY
CX25YY mucks
CX25YY wins the pot ($3.80)
*** SUMMARY ***
Total pot $4 | Rake $0.20
Board: [6s 4d Ad 2d Qc]
Seat 1: Bowbldr didn't bet (folded)
Seat 2: kshinyshoesk didn't bet (folded)
Seat 3: meep meep (button) didn't bet (folded)
Seat 4: Bake276 (small blind) folded on the Turn
Seat 5: A A 2 3 5 8 K (big blind) folded on the River
Seat 6: BrewTheJava folded on the Turn
Seat 7: jimmy_chan didn't bet (folded)
Seat 8: CX25YY collected ($3.80), mucked
Seat 9: hyphenated didn't bet (folded)



Full Tilt Poker Game #1149896811: Table Patriotic (speed) - $0.50/$1 - Limit Hold'em - 23:21:55 ET - 2006/10/25
Seat 1: Bowbldr ($16.75)
Seat 2: kshinyshoesk ($25.65)
Seat 3: meep meep ($42)
Seat 4: Bake276 ($51.55)
Seat 5: A A 2 3 5 8 K ($34)
Seat 6: BrewTheJava ($9.50)
Seat 7: jimmy_chan ($182.20)
Seat 8: CX25YY ($39.15)
Seat 9: hyphenated ($15.85)
A A 2 3 5 8 K posts the small blind of $0.25
BrewTheJava posts the big blind of $0.50
The button is in seat #4
*** HOLE CARDS ***
Dealt to A A 2 3 5 8 K [Th 7s]
jimmy_chan folds
CX25YY calls $0.50
hyphenated folds
Bowbldr folds
kshinyshoesk folds
meep meep calls $0.50
Bake276 folds
A A 2 3 5 8 K folds
BrewTheJava checks
*** FLOP *** [Qs Td 6s]
BrewTheJava checks
CX25YY checks
meep meep bets $0.50
BrewTheJava folds
CX25YY calls $0.50
*** TURN *** [Qs Td 6s] [7c]
CX25YY checks
meep meep bets $1
CX25YY calls $1
*** RIVER *** [Qs Td 6s 7c] [Jd]
CX25YY checks
meep meep checks
*** SHOW DOWN ***
meep meep shows [Ad Qc] (a pair of Queens)
CX25YY mucks
meep meep wins the pot ($4.55) with a pair of Queens
*** SUMMARY ***
Total pot $4.75 | Rake $0.20
Board: [Qs Td 6s 7c Jd]
Seat 1: Bowbldr didn't bet (folded)
Seat 2: kshinyshoesk didn't bet (folded)
Seat 3: meep meep showed [Ad Qc] and won ($4.55) with a pair of Queens
Seat 4: Bake276 (button) didn't bet (folded)
Seat 5: A A 2 3 5 8 K (small blind) folded before the Flop
Seat 6: BrewTheJava (big blind) folded on the Flop
Seat 7: jimmy_chan didn't bet (folded)
Seat 8: CX25YY mucked [Ah 5d] - Ace Queen high
Seat 9: hyphenated didn't bet (folded)



Full Tilt Poker Game #1149901519: Table Patriotic (speed) - $0.50/$1 - Limit Hold'em - 23:22:46 ET - 2006/10/25
Seat 1: Bowbldr ($16.75)
Seat 2: kshinyshoesk ($25.65)
Seat 3: meep meep ($44.55)
Seat 4: Bake276 ($51.55)
Seat 5: A A 2 3 5 8 K ($33.75)
Seat 6: BrewTheJava ($9)
Seat 7: jimmy_chan ($182.20)
Seat 8: CX25YY ($37.15)
Seat 9: hyphenated ($15.85)
BrewTheJava posts the small blind of $0.25
jimmy_chan posts the big blind of $0.50
The button is in seat #5
*** HOLE CARDS ***
Dealt to A A 2 3 5 8 K [5c Jc]
CX25YY has 7 seconds left to act
CX25YY folds
hyphenated folds
Bowbldr folds
kshinyshoesk folds
meep meep folds
Bake276 raises to $1
A A 2 3 5 8 K folds
BrewTheJava calls $0.75
jimmy_chan calls $0.50
*** FLOP *** [7c Qd 7h]
BrewTheJava checks
jimmy_chan checks
Bake276 bets $0.50
BrewTheJava calls $0.50
jimmy_chan folds
*** TURN *** [7c Qd 7h] [9s]
BrewTheJava checks
Bake276 has 7 seconds left to act
Bake276 bets $1
BrewTheJava calls $1
*** RIVER *** [7c Qd 7h 9s] [2c]
BrewTheJava checks
Bake276 checks
*** SHOW DOWN ***
Bake276 shows [Jd Ah] (a pair of Sevens)
BrewTheJava shows [Qs 8s] (two pair, Queens and Sevens)
BrewTheJava wins the pot ($5.70) with two pair, Queens and Sevens
*** SUMMARY ***
Total pot $6 | Rake $0.30
Board: [7c Qd 7h 9s 2c]
Seat 1: Bowbldr didn't bet (folded)
Seat 2: kshinyshoesk didn't bet (folded)
Seat 3: meep meep didn't bet (folded)
Seat 4: Bake276 showed [Jd Ah] and lost with a pair of Sevens
Seat 5: A A 2 3 5 8 K (button) didn't bet (folded)
Seat 6: BrewTheJava (small blind) showed [Qs 8s] and won ($5.70) with two pair, Queens and Sevens
Seat 7: jimmy_chan (big blind) folded on the Flop
Seat 8: CX25YY didn't bet (folded)
Seat 9: hyphenated didn't bet (folded)



Full Tilt Poker Game #1149906707: Table Patriotic (speed) - $0.50/$1 - Limit Hold'em - 23:23:44 ET - 2006/10/25
Seat 1: Bowbldr ($16.75)
Seat 2: kshinyshoesk ($25.65)
Seat 3: meep meep ($44.55)
Seat 4: Bake276 ($49.05)
Seat 5: A A 2 3 5 8 K ($33.75)
Seat 6: BrewTheJava ($12.20)
Seat 7: jimmy_chan ($181.20)
Seat 8: CX25YY ($37.15)
Seat 9: hyphenated ($15.85)
jimmy_chan posts the small blind of $0.25
CX25YY posts the big blind of $0.50
The button is in seat #6
*** HOLE CARDS ***
Dealt to A A 2 3 5 8 K [7c 2c]
hyphenated has 7 seconds left to act
hyphenated raises to $1
Bowbldr has 7 seconds left to act
Bowbldr folds
kshinyshoesk folds
meep meep folds
Bake276 folds
A A 2 3 5 8 K folds
BrewTheJava folds
jimmy_chan folds
CX25YY folds
Uncalled bet of $0.50 returned to hyphenated
hyphenated mucks
hyphenated wins the pot ($1.25)
*** SUMMARY ***
Total pot $1.25 | Rake $0
Seat 1: Bowbldr didn't bet (folded)
Seat 2: kshinyshoesk didn't bet (folded)
Seat 3: meep meep didn't bet (folded)
Seat 4: Bake276 didn't bet (folded)
Seat 5: A A 2 3 5 8 K didn't bet (folded)
Seat 6: BrewTheJava (button) didn't bet (folded)
Seat 7: jimmy_chan (small blind) folded before the Flop
Seat 8: CX25YY (big blind) folded before the Flop
Seat 9: hyphenated collected ($1.25), mucked



Full Tilt Poker Game #1149909650: Table Patriotic (speed) - $0.50/$1 - Limit Hold'em - 23:24:17 ET - 2006/10/25
Seat 1: Bowbldr ($16.75)
Seat 2: kshinyshoesk ($25.65)
Seat 3: meep meep ($44.55)
Seat 4: Bake276 ($49.05)
Seat 5: A A 2 3 5 8 K ($33.75)
Seat 6: BrewTheJava ($12.20)
Seat 7: jimmy_chan ($180.95)
Seat 8: CX25YY ($36.65)
Seat 9: hyphenated ($16.60)
CX25YY posts the small blind of $0.25
hyphenated posts the big blind of $0.50
The button is in seat #7
*** HOLE CARDS ***
Dealt to A A 2 3 5 8 K [7h Qc]
Bowbldr folds
kshinyshoesk folds
meep meep folds
Bake276 folds
A A 2 3 5 8 K calls $0.50
BrewTheJava folds
jimmy_chan folds
CX25YY has 7 seconds left to act
CX25YY is sitting out
CX25YY has timed out
CX25YY folds
hyphenated checks
*** FLOP *** [Js 8h Jc]
hyphenated checks
A A 2 3 5 8 K checks
*** TURN *** [Js 8h Jc] [3s]
hyphenated bets $1
A A 2 3 5 8 K folds
Uncalled bet of $1 returned to hyphenated
hyphenated mucks
hyphenated wins the pot ($1.20)
*** SUMMARY ***
Total pot $1.25 | Rake $0.05
Board: [Js 8h Jc 3s]
Seat 1: Bowbldr didn't bet (folded)
Seat 2: kshinyshoesk didn't bet (folded)
Seat 3: meep meep didn't bet (folded)
Seat 4: Bake276 didn't bet (folded)
Seat 5: A A 2 3 5 8 K folded on the Turn
Seat 6: BrewTheJava didn't bet (folded)
Seat 7: jimmy_chan (button) didn't bet (folded)
Seat 8: CX25YY (small blind) folded before the Flop
Seat 9: hyphenated (big blind) collected ($1.20), mucked



Full Tilt Poker Game #1149913727: Table Patriotic (speed) - $0.50/$1 - Limit Hold'em - 23:25:02 ET - 2006/10/25
Seat 1: Bowbldr ($16.75)
Seat 2: kshinyshoesk ($25.65)
Seat 3: meep meep ($44.55)
Seat 4: Bake276 ($49.05)
Seat 5: A A 2 3 5 8 K ($33.25)
Seat 6: BrewTheJava ($12.20)
Seat 7: jimmy_chan ($180.95)
Seat 8: CX25YY ($36.40), is sitting out
Seat 9: hyphenated ($17.30)
hyphenated posts the small blind of $0.25
Bowbldr has 3 seconds left to act
Bowbldr is sitting out
Bowbldr has timed out
kshinyshoesk posts the big blind of $0.50
The button is in seat #8
*** HOLE CARDS ***
Dealt to A A 2 3 5 8 K [Td 7h]
meep meep folds
Bake276 folds
A A 2 3 5 8 K folds
BrewTheJava raises to $1
jimmy_chan folds
hyphenated folds
kshinyshoesk folds
Uncalled bet of $0.50 returned to BrewTheJava
BrewTheJava mucks
BrewTheJava wins the pot ($1.25)
*** SUMMARY ***
Total pot $1.25 | Rake $0
Seat 1: Bowbldr is sitting out
Seat 2: kshinyshoesk (big blind) folded before the Flop
Seat 3: meep meep didn't bet (folded)
Seat 4: Bake276 didn't bet (folded)
Seat 5: A A 2 3 5 8 K didn't bet (folded)
Seat 6: BrewTheJava collected ($1.25), mucked
Seat 7: jimmy_chan didn't bet (folded)
Seat 8: CX25YY (button) is sitting out
Seat 9: hyphenated (small blind) folded before the Flop



Full Tilt Poker Game #1149915930: Table Patriotic (speed) - $0.50/$1 - Limit Hold'em - 23:25:27 ET - 2006/10/25
Seat 1: Bowbldr ($16.75), is sitting out
Seat 2: kshinyshoesk ($25.15)
Seat 3: meep meep ($44.55)
Seat 4: Bake276 ($49.05)
Seat 5: A A 2 3 5 8 K ($33.25)
Seat 6: BrewTheJava ($12.95)
Seat 7: jimmy_chan ($180.95)
Seat 8: CX25YY ($36.40), is sitting out
Seat 9: hyphenated ($17.05)
kshinyshoesk posts the small blind of $0.25
meep meep posts the big blind of $0.50
The button is in seat #9
*** HOLE CARDS ***
Dealt to A A 2 3 5 8 K [Ks Jc]
Bake276 folds
A A 2 3 5 8 K calls $0.50
BrewTheJava folds
jimmy_chan folds
hyphenated calls $0.50
CX25YY adds $10
CX25YY has returned
kshinyshoesk calls $0.25
meep meep checks
*** FLOP *** [Qd 3c Jh]
kshinyshoesk bets $0.50
meep meep folds
A A 2 3 5 8 K calls $0.50
hyphenated calls $0.50
*** TURN *** [Qd 3c Jh] [Js]
kshinyshoesk bets $1
A A 2 3 5 8 K raises to $2
hyphenated calls $2
kshinyshoesk folds
*** RIVER *** [Qd 3c Jh Js] [8c]
A A 2 3 5 8 K bets $1
hyphenated calls $1
*** SHOW DOWN ***
A A 2 3 5 8 K shows [Ks Jc] (three of a kind, Jacks)
hyphenated mucks
A A 2 3 5 8 K wins the pot ($10) with three of a kind, Jacks
*** SUMMARY ***
Total pot $10.50 | Rake $0.50
Board: [Qd 3c Jh Js 8c]
Seat 1: Bowbldr is sitting out
Seat 2: kshinyshoesk (small blind) folded on the Turn
Seat 3: meep meep (big blind) folded on the Flop
Seat 4: Bake276 didn't bet (folded)
Seat 5: A A 2 3 5 8 K showed [Ks Jc] and won ($10) with three of a kind, Jacks
Seat 6: BrewTheJava didn't bet (folded)
Seat 7: jimmy_chan didn't bet (folded)
Seat 8: CX25YY is sitting out
Seat 9: hyphenated (button) mucked [Ts Jd] - three of a kind, Jacks



Full Tilt Poker Game #1149919752: Table Patriotic (speed) - $0.50/$1 - Limit Hold'em - 23:26:09 ET - 2006/10/25
Seat 1: Bowbldr ($16.75), is sitting out
Seat 2: kshinyshoesk ($23.15)
Seat 3: meep meep ($44.05)
Seat 4: Bake276 ($49.05)
Seat 5: A A 2 3 5 8 K ($39.25)
Seat 6: BrewTheJava ($12.95)
Seat 7: jimmy_chan ($180.95)
Seat 8: CX25YY ($46.40)
Seat 9: hyphenated ($13.05)
meep meep posts the small blind of $0.25
Bake276 posts the big blind of $0.50
The button is in seat #2
*** HOLE CARDS ***
Dealt to A A 2 3 5 8 K [9c 9s]
A A 2 3 5 8 K raises to $1
BrewTheJava calls $1
jimmy_chan folds
CX25YY calls $1
hyphenated folds
kshinyshoesk folds
meep meep folds
Bake276 folds
*** FLOP *** [Kh Th Td]
A A 2 3 5 8 K checks
BrewTheJava checks
hyphenated stands up
CX25YY checks
*** TURN *** [Kh Th Td] [Js]
A A 2 3 5 8 K bets $1
BrewTheJava calls $1
CX25YY calls $1
*** RIVER *** [Kh Th Td Js] [Kc]
A A 2 3 5 8 K checks
BrewTheJava checks
CX25YY bets $1
A A 2 3 5 8 K folds
BrewTheJava folds
Uncalled bet of $1 returned to CX25YY
CX25YY mucks
CX25YY wins the pot ($6.45)
*** SUMMARY ***
Total pot $6.75 | Rake $0.30
Board: [Kh Th Td Js Kc]
Seat 1: Bowbldr is sitting out
Seat 2: kshinyshoesk (button) didn't bet (folded)
Seat 3: meep meep (small blind) folded before the Flop
Seat 4: Bake276 (big blind) folded before the Flop
Seat 5: A A 2 3 5 8 K folded on the River
Seat 6: BrewTheJava folded on the River
Seat 7: jimmy_chan didn't bet (folded)
Seat 8: CX25YY collected ($6.45), mucked
Seat 9: hyphenated didn't bet (folded)



Full Tilt Poker Game #1149925023: Table Patriotic (speed) - $0.50/$1 - Limit Hold'em - 23:27:07 ET - 2006/10/25
Seat 1: Bowbldr ($16.75), is sitting out
Seat 2: kshinyshoesk ($23.15)
Seat 3: meep meep ($43.80)
Seat 4: Bake276 ($48.55)
Seat 5: A A 2 3 5 8 K ($37.25)
Seat 6: BrewTheJava ($10.95)
Seat 7: jimmy_chan ($180.95)
Seat 8: CX25YY ($50.85)
Bake276 posts the small blind of $0.25
A A 2 3 5 8 K posts the big blind of $0.50
The button is in seat #3
*** HOLE CARDS ***
Dealt to A A 2 3 5 8 K [Td 3h]
BrewTheJava folds
jimmy_chan folds
CX25YY folds
kshinyshoesk has 7 seconds left to act
kshinyshoesk folds
meep meep calls $0.50
Bake276 has 7 seconds left to act
Bake276 calls $0.25
A A 2 3 5 8 K checks
*** FLOP *** [2h 5s 6d]
Bake276 checks
A A 2 3 5 8 K checks
meep meep bets $0.50
Bake276 folds
A A 2 3 5 8 K folds
Uncalled bet of $0.50 returned to meep meep
meep meep mucks
meep meep wins the pot ($1.45)
*** SUMMARY ***
Total pot $1.50 | Rake $0.05
Board: [2h 5s 6d]
Seat 1: Bowbldr is sitting out
Seat 2: kshinyshoesk didn't bet (folded)
Seat 3: meep meep (button) collected ($1.45), mucked
Seat 4: Bake276 (small blind) folded on the Flop
Seat 5: A A 2 3 5 8 K (big blind) folded on the Flop
Seat 6: BrewTheJava didn't bet (folded)
Seat 7: jimmy_chan didn't bet (folded)
Seat 8: CX25YY didn't bet (folded)



Full Tilt Poker Game #1149929283: Table Patriotic (speed) - $0.50/$1 - Limit Hold'em - 23:27:54 ET - 2006/10/25
Seat 1: Bowbldr ($16.75), is sitting out
Seat 2: kshinyshoesk ($23.15)
Seat 3: meep meep ($44.75)
Seat 4: Bake276 ($48.05)
Seat 5: A A 2 3 5 8 K ($36.75)
Seat 6: BrewTheJava ($10.95)
Seat 7: jimmy_chan ($180.95)
Seat 8: CX25YY ($50.85)
A A 2 3 5 8 K posts the small blind of $0.25
BrewTheJava posts the big blind of $0.50
The button is in seat #4
*** HOLE CARDS ***
Dealt to A A 2 3 5 8 K [6h 3d]
jimmy_chan folds
CX25YY has 7 seconds left to act
CX25YY folds
kshinyshoesk folds
meep meep calls $0.50
Bake276 folds
A A 2 3 5 8 K folds
BrewTheJava checks
*** FLOP *** [6s 9c Ts]
BrewTheJava checks
meep meep bets $0.50
BrewTheJava calls $0.50
*** TURN *** [6s 9c Ts] [4d]
BrewTheJava checks
jdoggy9 sits down
meep meep checks
*** RIVER *** [6s 9c Ts 4d] [3h]
BrewTheJava checks
meep meep checks
*** SHOW DOWN ***
meep meep shows [As 7s] (Ace Ten high)
BrewTheJava shows [7h 9s] (a pair of Nines)
BrewTheJava wins the pot ($2.15) with a pair of Nines
*** SUMMARY ***
Total pot $2.25 | Rake $0.10
Board: [6s 9c Ts 4d 3h]
Seat 1: Bowbldr is sitting out
Seat 2: kshinyshoesk didn't bet (folded)
Seat 3: meep meep showed [As 7s] and lost with Ace Ten high
Seat 4: Bake276 (button) didn't bet (folded)
Seat 5: A A 2 3 5 8 K (small blind) folded before the Flop
Seat 6: BrewTheJava (big blind) showed [7h 9s] and won ($2.15) with a pair of Nines
Seat 7: jimmy_chan didn't bet (folded)
Seat 8: CX25YY didn't bet (folded)



Full Tilt Poker Game #1149933104: Table Patriotic (speed) - $0.50/$1 - Limit Hold'em - 23:28:37 ET - 2006/10/25
Seat 1: Bowbldr ($16.75), is sitting out
Seat 2: kshinyshoesk ($23.15)
Seat 3: meep meep ($43.75)
Seat 4: Bake276 ($48.05)
Seat 5: A A 2 3 5 8 K ($36.50)
Seat 6: BrewTheJava ($12.10)
Seat 7: jimmy_chan ($180.95)
Seat 8: CX25YY ($50.85)
BrewTheJava posts the small blind of $0.25
jimmy_chan posts the big blind of $0.50
The button is in seat #5
*** HOLE CARDS ***
Dealt to A A 2 3 5 8 K [6d Qh]
CX25YY folds
kshinyshoesk folds
meep meep folds
Bake276 folds
A A 2 3 5 8 K folds
BrewTheJava folds
Uncalled bet of $0.25 returned to jimmy_chan
jimmy_chan mucks
jimmy_chan wins the pot ($0.50)
*** SUMMARY ***
Total pot $0.50 | Rake $0
Seat 1: Bowbldr is sitting out
Seat 2: kshinyshoesk didn't bet (folded)
Seat 3: meep meep didn't bet (folded)
Seat 4: Bake276 didn't bet (folded)
Seat 5: A A 2 3 5 8 K (button) didn't bet (folded)
Seat 6: BrewTheJava (small blind) folded before the Flop
Seat 7: jimmy_chan (big blind) collected ($0.50), mucked
Seat 8: CX25YY didn't bet (folded)



Full Tilt Poker Game #1149934276: Table Patriotic (speed) - $0.50/$1 - Limit Hold'em - 23:28:51 ET - 2006/10/25
jdoggy9 adds $10
Seat 1: Bowbldr ($16.75), is sitting out
Seat 2: kshinyshoesk ($23.15)
Seat 3: meep meep ($43.75)
Seat 4: Bake276 ($48.05)
Seat 5: A A 2 3 5 8 K ($36.50)
Seat 6: BrewTheJava ($11.85)
Seat 7: jimmy_chan ($181.20)
Seat 8: CX25YY ($50.85)
jimmy_chan posts the small blind of $0.25
CX25YY posts the big blind of $0.50
The button is in seat #6
*** HOLE CARDS ***
Dealt to A A 2 3 5 8 K [2c 7d]
kshinyshoesk calls $0.50
jdoggy9 adds $30
meep meep folds
Bake276 folds
A A 2 3 5 8 K folds
BrewTheJava folds
jimmy_chan calls $0.25
CX25YY checks
*** FLOP *** [6h 9h Qs]
jimmy_chan checks
CX25YY checks
kshinyshoesk checks
*** TURN *** [6h 9h Qs] [Ah]
jimmy_chan checks
CX25YY bets $1
kshinyshoesk calls $1
jimmy_chan folds
*** RIVER *** [6h 9h Qs Ah] [9d]
jdoggy9 is feeling happy
CX25YY bets $1
kshinyshoesk calls $1
*** SHOW DOWN ***
CX25YY shows [Th Kc] (a pair of Nines)
kshinyshoesk shows [As 5s] (two pair, Aces and Nines)
kshinyshoesk wins the pot ($5.25) with two pair, Aces and Nines
*** SUMMARY ***
Total pot $5.50 | Rake $0.25
Board: [6h 9h Qs Ah 9d]
Seat 1: Bowbldr is sitting out
Seat 2: kshinyshoesk showed [As 5s] and won ($5.25) with two pair, Aces and Nines
Seat 3: meep meep didn't bet (folded)
Seat 4: Bake276 didn't bet (folded)
Seat 5: A A 2 3 5 8 K didn't bet (folded)
Seat 6: BrewTheJava (button) didn't bet (folded)
Seat 7: jimmy_chan (small blind) folded on the Turn
Seat 8: CX25YY (big blind) showed [Th Kc] and lost with a pair of Nines



Full Tilt Poker Game #1149938807: Table Patriotic (speed) - $0.50/$1 - Limit Hold'em - 23:29:41 ET - 2006/10/25
Seat 1: Bowbldr ($16.75), is sitting out
Seat 2: kshinyshoesk ($25.90)
Seat 3: meep meep ($43.75)
Seat 4: Bake276 ($48.05)
Seat 5: A A 2 3 5 8 K ($36.50)
Seat 6: BrewTheJava ($11.85)
Seat 7: jimmy_chan ($180.70)
Seat 8: CX25YY ($48.35)
Seat 9: jdoggy9 ($40)
CX25YY posts the small blind of $0.25
jdoggy9 posts the big blind of $0.50
The button is in seat #7
*** HOLE CARDS ***
Dealt to A A 2 3 5 8 K [8h 2c]
kshinyshoesk folds
meep meep calls $0.50
Bake276 folds
A A 2 3 5 8 K folds
BrewTheJava folds
jimmy_chan folds
CX25YY folds
jdoggy9 checks
*** FLOP *** [5h 2s 2h]
99harriet99 (Observer): Best Bonus @ www.PokerCashFlow.com
jdoggy9 bets $0.50
meep meep raises to $1
jdoggy9 calls $0.50
*** TURN *** [5h 2s 2h] [3d]
jdoggy9 bets $1
meep meep calls $1
*** RIVER *** [5h 2s 2h 3d] [Jc]
jdoggy9 bets $1
meep meep calls $1
*** SHOW DOWN ***
jdoggy9 shows [5s 4s] (two pair, Fives and Twos)
meep meep shows [Td Tc] (two pair, Tens and Twos)
meep meep wins the pot ($6.90) with two pair, Tens and Twos
*** SUMMARY ***
Total pot $7.25 | Rake $0.35
Board: [5h 2s 2h 3d Jc]
Seat 1: Bowbldr is sitting out
Seat 2: kshinyshoesk didn't bet (folded)
Seat 3: meep meep showed [Td Tc] and won ($6.90) with two pair, Tens and Twos
Seat 4: Bake276 didn't bet (folded)
Seat 5: A A 2 3 5 8 K didn't bet (folded)
Seat 6: BrewTheJava didn't bet (folded)
Seat 7: jimmy_chan (button) didn't bet (folded)
Seat 8: CX25YY (small blind) folded before the Flop
Seat 9: jdoggy9 (big blind) showed [5s 4s] and lost with two pair, Fives and Twos



Full Tilt Poker Game #1149941494: Table Patriotic (speed) - $0.50/$1 - Limit Hold'em - 23:30:11 ET - 2006/10/25
Seat 1: Bowbldr ($16.75), is sitting out
Seat 2: kshinyshoesk ($25.90)
Seat 3: meep meep ($47.15)
Seat 4: Bake276 ($48.05)
Seat 5: A A 2 3 5 8 K ($36.50)
Seat 6: BrewTheJava ($11.85)
Seat 7: jimmy_chan ($180.70)
Seat 8: CX25YY ($48.10)
Seat 9: jdoggy9 ($36.50)
jdoggy9 posts the small blind of $0.25
kshinyshoesk posts the big blind of $0.50
The button is in seat #8
*** HOLE CARDS ***
Dealt to A A 2 3 5 8 K [7h Qs]
meep meep folds
Bake276 folds
A A 2 3 5 8 K folds
BrewTheJava folds
jimmy_chan folds
CX25YY folds
jdoggy9 folds
Uncalled bet of $0.25 returned to kshinyshoesk
kshinyshoesk mucks
kshinyshoesk wins the pot ($0.50)
*** SUMMARY ***
Total pot $0.50 | Rake $0
Seat 1: Bowbldr is sitting out
Seat 2: kshinyshoesk (big blind) collected ($0.50), mucked
Seat 3: meep meep didn't bet (folded)
Seat 4: Bake276 didn't bet (folded)
Seat 5: A A 2 3 5 8 K didn't bet (folded)
Seat 6: BrewTheJava didn't bet (folded)
Seat 7: jimmy_chan didn't bet (folded)
Seat 8: CX25YY (button) didn't bet (folded)
Seat 9: jdoggy9 (small blind) folded before the Flop



Full Tilt Poker Game #1149942757: Table Patriotic (speed) - $0.50/$1 - Limit Hold'em - 23:30:26 ET - 2006/10/25
Seat 1: Bowbldr ($16.75), is sitting out
Seat 2: kshinyshoesk ($26.15)
Seat 3: meep meep ($47.15)
Seat 4: Bake276 ($48.05)
Seat 5: A A 2 3 5 8 K ($36.50)
Seat 6: BrewTheJava ($11.85)
Seat 7: jimmy_chan ($180.70)
Seat 8: CX25YY ($48.10)
Seat 9: jdoggy9 ($36.25)
kshinyshoesk posts the small blind of $0.25
meep meep posts the big blind of $0.50
The button is in seat #9
*** HOLE CARDS ***
Dealt to A A 2 3 5 8 K [Ac 9h]
Bake276 folds
A A 2 3 5 8 K calls $0.50
BrewTheJava folds
jimmy_chan folds
BrewTheJava stands up
CX25YY has 7 seconds left to act
CX25YY calls $0.50
jdoggy9 has 7 seconds left to act
jdoggy9 is sitting out
jdoggy9 has timed out
jdoggy9 folds
kshinyshoesk folds
meep meep checks
*** FLOP *** [5d 9c Kd]
meep meep checks
A A 2 3 5 8 K bets $0.50
CX25YY calls $0.50
meep meep folds
*** TURN *** [5d 9c Kd] [7h]
A A 2 3 5 8 K bets $1
CX25YY calls $1
*** RIVER *** [5d 9c Kd 7h] [2c]
A A 2 3 5 8 K bets $1
CX25YY folds
Uncalled bet of $1 returned to A A 2 3 5 8 K
A A 2 3 5 8 K mucks
A A 2 3 5 8 K wins the pot ($4.55)
*** SUMMARY ***
Total pot $4.75 | Rake $0.20
Board: [5d 9c Kd 7h 2c]
Seat 1: Bowbldr is sitting out
Seat 2: kshinyshoesk (small blind) folded before the Flop
Seat 3: meep meep (big blind) folded on the Flop
Seat 4: Bake276 didn't bet (folded)
Seat 5: A A 2 3 5 8 K collected ($4.55), mucked
Seat 6: BrewTheJava didn't bet (folded)
Seat 7: jimmy_chan didn't bet (folded)
Seat 8: CX25YY folded on the River
Seat 9: jdoggy9 (button) didn't bet (folded)



Full Tilt Poker Game #1149948839: Table Patriotic (speed) - $0.50/$1 - Limit Hold'em - 23:31:33 ET - 2006/10/25
Seat 1: Bowbldr ($16.75), is sitting out
Seat 2: kshinyshoesk ($25.90)
Seat 3: meep meep ($46.65)
Seat 4: Bake276 ($48.05)
Seat 5: A A 2 3 5 8 K ($39.05)
Seat 7: jimmy_chan ($180.70)
Seat 8: CX25YY ($46.10)
Seat 9: jdoggy9 ($36.25), is sitting out
meep meep posts the small blind of $0.25
Bake276 posts the big blind of $0.50
The button is in seat #2
*** HOLE CARDS ***
Dealt to A A 2 3 5 8 K [9d 8c]
A A 2 3 5 8 K folds
jimmy_chan folds
CX25YY folds
kshinyshoesk folds
jdoggy9 has returned
meep meep calls $0.25
Bake276 checks
*** FLOP *** [9s Qd Kh]
meep meep bets $0.50
Bake276 folds
Uncalled bet of $0.50 returned to meep meep
meep meep mucks
meep meep wins the pot ($0.95)
*** SUMMARY ***
Total pot $1 | Rake $0.05
Board: [9s Qd Kh]
Seat 1: Bowbldr is sitting out
Seat 2: kshinyshoesk (button) didn't bet (folded)
Seat 3: meep meep (small blind) collected ($0.95), mucked
Seat 4: Bake276 (big blind) folded on the Flop
Seat 5: A A 2 3 5 8 K didn't bet (folded)
Seat 7: jimmy_chan didn't bet (folded)
Seat 8: CX25YY didn't bet (folded)
Seat 9: jdoggy9 is sitting out



Full Tilt Poker Game #1149950621: Table Patriotic (speed) - $0.50/$1 - Limit Hold'em - 23:31:53 ET - 2006/10/25
Seat 1: Bowbldr ($16.75), is sitting out
Seat 2: kshinyshoesk ($25.90)
Seat 3: meep meep ($47.10)
Seat 4: Bake276 ($47.55)
Seat 5: A A 2 3 5 8 K ($39.05)
Seat 7: jimmy_chan ($180.70)
Seat 8: CX25YY ($46.10)
Seat 9: jdoggy9 ($36.25)
Bake276 posts the small blind of $0.25
A A 2 3 5 8 K posts the big blind of $0.50
The button is in seat #3
*** HOLE CARDS ***
Dealt to A A 2 3 5 8 K [Tc Jd]
jimmy_chan folds
jimmy_chan stands up
CX25YY calls $0.50
jdoggy9 folds
kshinyshoesk folds
meep meep folds
Bake276 folds
A A 2 3 5 8 K checks
*** FLOP *** [4s 2d 9h]
A A 2 3 5 8 K checks
CX25YY checks
*** TURN *** [4s 2d 9h] [6h]
A A 2 3 5 8 K checks
CX25YY bets $1
GroundDown sits down
A A 2 3 5 8 K folds
Uncalled bet of $1 returned to CX25YY
GroundDown adds $10
CX25YY mucks
CX25YY wins the pot ($1.20)
*** SUMMARY ***
Total pot $1.25 | Rake $0.05
Board: [4s 2d 9h 6h]
Seat 1: Bowbldr is sitting out
Seat 2: kshinyshoesk didn't bet (folded)
Seat 3: meep meep (button) didn't bet (folded)
Seat 4: Bake276 (small blind) folded before the Flop
Seat 5: A A 2 3 5 8 K (big blind) folded on the Turn
Seat 7: jimmy_chan didn't bet (folded)
Seat 8: CX25YY collected ($1.20), mucked
Seat 9: jdoggy9 didn't bet (folded)



Full Tilt Poker Game #1149953825: Table Patriotic (speed) - $0.50/$1 - Limit Hold'em - 23:32:29 ET - 2006/10/25
Seat 1: Bowbldr ($16.75), is sitting out
Seat 2: kshinyshoesk ($25.90)
Seat 3: meep meep ($47.10)
Seat 4: Bake276 ($47.30)
Seat 5: A A 2 3 5 8 K ($38.55)
Seat 6: GroundDown ($10)
Seat 8: CX25YY ($46.80)
Seat 9: jdoggy9 ($36.25)
A A 2 3 5 8 K posts the small blind of $0.25
GroundDown has 3 seconds left to act
GroundDown posts the big blind of $0.50
The button is in seat #4
*** HOLE CARDS ***
Dealt to A A 2 3 5 8 K [Qh 6c]
CX25YY folds
jdoggy9 folds
kshinyshoesk folds
meep meep folds
Bake276 raises to $1
A A 2 3 5 8 K folds
GroundDown calls $0.50
*** FLOP *** [As 3h 7s]
GroundDown checks
Bake276 bets $0.50
GroundDown folds
Uncalled bet of $0.50 returned to Bake276
Bake276 mucks
Bake276 wins the pot ($2.15)
*** SUMMARY ***
Total pot $2.25 | Rake $0.10
Board: [As 3h 7s]
Seat 1: Bowbldr is sitting out
Seat 2: kshinyshoesk didn't bet (folded)
Seat 3: meep meep didn't bet (folded)
Seat 4: Bake276 (button) collected ($2.15), mucked
Seat 5: A A 2 3 5 8 K (small blind) folded before the Flop
Seat 6: GroundDown (big blind) folded on the Flop
Seat 8: CX25YY didn't bet (folded)
Seat 9: jdoggy9 didn't bet (folded)



Full Tilt Poker Game #1149957353: Table Patriotic (speed) - $0.50/$1 - Limit Hold'em - 23:33:08 ET - 2006/10/25
Seat 1: Bowbldr ($16.75), is sitting out
Seat 2: kshinyshoesk ($25.90)
Seat 3: meep meep ($47.10)
Seat 4: Bake276 ($48.45)
Seat 5: A A 2 3 5 8 K ($38.30)
Seat 6: GroundDown ($9)
Seat 8: CX25YY ($46.80)
Seat 9: jdoggy9 ($36.25)
GroundDown posts the small blind of $0.25
CX25YY posts the big blind of $0.50
The button is in seat #5
*** HOLE CARDS ***
Dealt to A A 2 3 5 8 K [Qh Ts]
jdoggy9 folds
kshinyshoesk folds
meep meep folds
Bake276 folds
A A 2 3 5 8 K folds
GroundDown calls $0.25
CX25YY checks
*** FLOP *** [7d 6s As]
jdoggy9 stands up
GroundDown checks
CX25YY bets $0.50
GroundDown folds
Uncalled bet of $0.50 returned to CX25YY
CX25YY mucks
CX25YY wins the pot ($0.95)
*** SUMMARY ***
Total pot $1 | Rake $0.05
Board: [7d 6s As]
Seat 1: Bowbldr is sitting out
Seat 2: kshinyshoesk didn't bet (folded)
Seat 3: meep meep didn't bet (folded)
Seat 4: Bake276 didn't bet (folded)
Seat 5: A A 2 3 5 8 K (button) didn't bet (folded)
Seat 6: GroundDown (small blind) folded on the Flop
Seat 8: CX25YY (big blind) collected ($0.95), mucked
Seat 9: jdoggy9 didn't bet (folded)



Full Tilt Poker Game #1149960550: Table Patriotic (speed) - $0.50/$1 - Limit Hold'em - 23:33:45 ET - 2006/10/25
Seat 1: Bowbldr ($16.75), is sitting out
Seat 2: kshinyshoesk ($25.90)
Seat 3: meep meep ($47.10)
Seat 4: Bake276 ($48.45)
Seat 5: A A 2 3 5 8 K ($38.30)
Seat 6: GroundDown ($8.50)
Seat 8: CX25YY ($47.25)
CX25YY posts the small blind of $0.25
kshinyshoesk posts the big blind of $0.50
The button is in seat #6
*** HOLE CARDS ***
Dealt to A A 2 3 5 8 K [5c 9d]
SjR777 sits down
meep meep folds
SjR777 adds $65.55
Bake276 folds
A A 2 3 5 8 K folds
GroundDown folds
CX25YY has 7 seconds left to act
CX25YY calls $0.25
kshinyshoesk checks
*** FLOP *** [4c 6s 7d]
CX25YY bets $0.50
kshinyshoesk calls $0.50
*** TURN *** [4c 6s 7d] [3s]
CX25YY bets $1
kshinyshoesk raises to $2
CX25YY calls $1
*** RIVER *** [4c 6s 7d 3s] [4h]
CX25YY bets $1
kshinyshoesk raises to $2
CX25YY calls $1
*** SHOW DOWN ***
kshinyshoesk shows [Qh 5d] (a straight, Seven high)
CX25YY mucks
kshinyshoesk wins the pot ($9.50) with a straight, Seven high
*** SUMMARY ***
Total pot $10 | Rake $0.50
Board: [4c 6s 7d 3s 4h]
Seat 1: Bowbldr is sitting out
Seat 2: kshinyshoesk (big blind) showed [Qh 5d] and won ($9.50) with a straight, Seven high
Seat 3: meep meep didn't bet (folded)
Seat 4: Bake276 didn't bet (folded)
Seat 5: A A 2 3 5 8 K didn't bet (folded)
Seat 6: GroundDown (button) didn't bet (folded)
Seat 8: CX25YY (small blind) mucked [2h 7h] - two pair, Sevens and Fours



Full Tilt Poker Game #1149966618: Table Patriotic (speed) - $0.50/$1 - Limit Hold'em - 23:34:53 ET - 2006/10/25
Seat 1: Bowbldr ($16.75), is sitting out
Seat 2: kshinyshoesk ($30.40)
Seat 3: meep meep ($47.10)
Seat 4: Bake276 ($48.45)
Seat 5: A A 2 3 5 8 K ($38.30)
Seat 6: GroundDown ($8.50)
Seat 7: SjR777 ($65.55)
Seat 8: CX25YY ($42.25)
kshinyshoesk posts the small blind of $0.25
meep meep posts the big blind of $0.50
SjR777 posts $0.50
The button is in seat #8
*** HOLE CARDS ***
Dealt to A A 2 3 5 8 K [2c Ad]
Bake276 folds
A A 2 3 5 8 K folds
GroundDown calls $0.50
SjR777 checks
CX25YY folds
kshinyshoesk folds
meep meep checks
*** FLOP *** [6d 5h 4h]
meep meep checks
GroundDown checks
SjR777 bets $0.50
meep meep calls $0.50
GroundDown calls $0.50
*** TURN *** [6d 5h 4h] [As]
meep meep checks
GroundDown checks
SjR777 bets $1
meep meep folds
GroundDown folds
Uncalled bet of $1 returned to SjR777
SjR777 mucks
SjR777 wins the pot ($3.10)
*** SUMMARY ***
Total pot $3.25 | Rake $0.15
Board: [6d 5h 4h As]
Seat 1: Bowbldr is sitting out
Seat 2: kshinyshoesk (small blind) folded before the Flop
Seat 3: meep meep (big blind) folded on the Turn
Seat 4: Bake276 didn't bet (folded)
Seat 5: A A 2 3 5 8 K didn't bet (folded)
Seat 6: GroundDown folded on the Turn
Seat 7: SjR777 collected ($3.10), mucked
Seat 8: CX25YY (button) didn't bet (folded)



Full Tilt Poker Game #1149971189: Table Patriotic (speed) - $0.50/$1 - Limit Hold'em - 23:35:46 ET - 2006/10/25
Seat 1: Bowbldr ($16.75), is sitting out
Seat 2: kshinyshoesk ($30.15)
Seat 3: meep meep ($46.10)
Seat 4: Bake276 ($48.45)
Seat 5: A A 2 3 5 8 K ($38.30)
Seat 6: GroundDown ($7.50)
Seat 7: SjR777 ($67.65)
Seat 8: CX25YY ($42.25)
meep meep posts the small blind of $0.25
Bake276 posts the big blind of $0.50
SjR777 is feeling happy
The button is in seat #2
*** HOLE CARDS ***
Dealt to A A 2 3 5 8 K [Th Kd]
A A 2 3 5 8 K calls $0.50
GroundDown calls $0.50
SjR777 folds
CX25YY folds
kshinyshoesk has 7 seconds left to act
kshinyshoesk is sitting out
kshinyshoesk has timed out
kshinyshoesk folds
meep meep folds
kshinyshoesk has returned
Bake276 checks
*** FLOP *** [3h 2s 8s]
Bake276 checks
A A 2 3 5 8 K checks
GroundDown checks
*** TURN *** [3h 2s 8s] [Td]
Bake276 checks
A A 2 3 5 8 K bets $1
GroundDown folds
Bake276 folds
Uncalled bet of $1 returned to A A 2 3 5 8 K
A A 2 3 5 8 K mucks
A A 2 3 5 8 K wins the pot ($1.70)
*** SUMMARY ***
Total pot $1.75 | Rake $0.05
Board: [3h 2s 8s Td]
Seat 1: Bowbldr is sitting out
Seat 2: kshinyshoesk (button) didn't bet (folded)
Seat 3: meep meep (small blind) folded before the Flop
Seat 4: Bake276 (big blind) folded on the Turn
Seat 5: A A 2 3 5 8 K collected ($1.70), mucked
Seat 6: GroundDown folded on the Turn
Seat 7: SjR777 didn't bet (folded)
Seat 8: CX25YY didn't bet (folded)



Full Tilt Poker Game #1149975235: Table Patriotic (speed) - $0.50/$1 - Limit Hold'em - 23:36:32 ET - 2006/10/25
Seat 1: Bowbldr ($16.75), is sitting out
Seat 2: kshinyshoesk ($30.15)
Seat 3: meep meep ($45.85)
Seat 4: Bake276 ($47.95)
Seat 5: A A 2 3 5 8 K ($39.50)
Seat 6: GroundDown ($7)
Seat 7: SjR777 ($67.65)
Seat 8: CX25YY ($42.25)
Bake276 posts the small blind of $0.25
A A 2 3 5 8 K posts the big blind of $0.50
The button is in seat #3
*** HOLE CARDS ***
Dealt to A A 2 3 5 8 K [7d 9d]
GroundDown raises to $1
SjR777 raises to $1.50
CX25YY folds
kshinyshoesk folds
meep meep folds
Bake276 folds
A A 2 3 5 8 K folds
GroundDown calls $0.50
*** FLOP *** [Qs Qh 3s]
GroundDown checks
SjR777 bets $0.50
GroundDown calls $0.50
*** TURN *** [Qs Qh 3s] [8s]
GroundDown checks
SjR777 bets $1
GroundDown folds
Uncalled bet of $1 returned to SjR777
SjR777 shows [Qd Ac] (three of a kind, Queens)
SjR777 wins the pot ($4.55)
*** SUMMARY ***
Total pot $4.75 | Rake $0.20
Board: [Qs Qh 3s 8s]
Seat 1: Bowbldr is sitting out
Seat 2: kshinyshoesk didn't bet (folded)
Seat 3: meep meep (button) didn't bet (folded)
Seat 4: Bake276 (small blind) folded before the Flop
Seat 5: A A 2 3 5 8 K (big blind) folded before the Flop
Seat 6: GroundDown folded on the Turn
Seat 7: SjR777 collected ($4.55)
Seat 8: CX25YY didn't bet (folded)



Full Tilt Poker Game #1149978514: Table Patriotic (speed) - $0.50/$1 - Limit Hold'em - 23:37:09 ET - 2006/10/25
Seat 1: Bowbldr ($16.75), is sitting out
Seat 2: kshinyshoesk ($30.15)
Seat 3: meep meep ($45.85)
Seat 4: Bake276 ($47.70)
Seat 5: A A 2 3 5 8 K ($39)
Seat 6: GroundDown ($5)
Seat 7: SjR777 ($70.20)
Seat 8: CX25YY ($42.25)
A A 2 3 5 8 K posts the small blind of $0.25
GroundDown posts the big blind of $0.50
The button is in seat #4
*** HOLE CARDS ***
Dealt to A A 2 3 5 8 K [Qs Qd]
SjR777 folds
CX25YY calls $0.50
kshinyshoesk calls $0.50
meep meep calls $0.50
Bake276 folds
A A 2 3 5 8 K raises to $1
GroundDown calls $0.50
CX25YY calls $0.50
kshinyshoesk calls $0.50
meep meep calls $0.50
*** FLOP *** [Tc 4h 9c]
A A 2 3 5 8 K bets $0.50
GroundDown calls $0.50
CX25YY calls $0.50
kshinyshoesk calls $0.50
meep meep raises to $1
A A 2 3 5 8 K calls $0.50
GroundDown calls $0.50
CX25YY calls $0.50
kshinyshoesk calls $0.50
*** TURN *** [Tc 4h 9c] [Ah]
A A 2 3 5 8 K checks
GroundDown checks
CX25YY checks
kshinyshoesk bets $1
meep meep calls $1
A A 2 3 5 8 K folds
GroundDown calls $1
CX25YY raises to $2
kshinyshoesk calls $1
meep meep calls $1
GroundDown has 7 seconds left to act
GroundDown: 16.5:1  Hmmmm.......
GroundDown calls $1
*** RIVER *** [Tc 4h 9c Ah] [Jc]
GroundDown checks
CX25YY bets $1
kshinyshoesk folds
meep meep calls $1
GroundDown calls $1, and is all in
*** SHOW DOWN ***
CX25YY shows [Ac 5h] (a pair of Aces)
meep meep shows [9s Ts] (two pair, Tens and Nines)
GroundDown shows [Qc Kh] (a straight, Ace high)
GroundDown wins the pot ($20.50) with a straight, Ace high
*** SUMMARY ***
Total pot $21 | Rake $0.50
Board: [Tc 4h 9c Ah Jc]
Seat 1: Bowbldr is sitting out
Seat 2: kshinyshoesk folded on the River
Seat 3: meep meep showed [9s Ts] and lost with two pair, Tens and Nines
Seat 4: Bake276 (button) didn't bet (folded)
Seat 5: A A 2 3 5 8 K (small blind) folded on the Turn
Seat 6: GroundDown (big blind) showed [Qc Kh] and won ($20.50) with a straight, Ace high
Seat 7: SjR777 didn't bet (folded)
Seat 8: CX25YY showed [Ac 5h] and lost with a pair of Aces



Full Tilt Poker Game #1149989771: Table Patriotic (speed) - $0.50/$1 - Limit Hold'em - 23:39:17 ET - 2006/10/25
Seat 1: Bowbldr ($16.75), is sitting out
Seat 2: kshinyshoesk ($26.15)
Seat 3: meep meep ($40.85)
Seat 4: Bake276 ($47.70)
Seat 5: A A 2 3 5 8 K ($37)
Seat 6: GroundDown ($20.50)
Seat 7: SjR777 ($70.20)
Seat 8: CX25YY ($37.25)
GroundDown posts the small blind of $0.25
SjR777 posts the big blind of $0.50
The button is in seat #5
*** HOLE CARDS ***
Dealt to A A 2 3 5 8 K [5c 6s]
CX25YY calls $0.50
GroundDown: Thanks for the great odds...
kshinyshoesk calls $0.50
meep meep calls $0.50
Bake276 folds
A A 2 3 5 8 K folds
GroundDown calls $0.25
SjR777 checks
*** FLOP *** [Tc 7c 5d]
GroundDown checks
SjR777 checks
CX25YY checks
kshinyshoesk bets $0.50
GroundDown is feeling happy
meep meep calls $0.50
GroundDown folds
Mooftaz sits down
SjR777 folds
Mooftaz adds $66
CX25YY calls $0.50
*** TURN *** [Tc 7c 5d] [2d]
CX25YY checks
kshinyshoesk bets $1
meep meep folds
Bowbldr stands up
CX25YY has 7 seconds left to act
CX25YY calls $1
*** RIVER *** [Tc 7c 5d 2d] [4s]
CX25YY checks
kshinyshoesk bets $1
CX25YY calls $1
*** SHOW DOWN ***
kshinyshoesk shows [Td Js] (a pair of Tens)
CX25YY mucks
kshinyshoesk wins the pot ($7.60) with a pair of Tens
*** SUMMARY ***
Total pot $8 | Rake $0.40
Board: [Tc 7c 5d 2d 4s]
Seat 1: Bowbldr is sitting out
Seat 2: kshinyshoesk showed [Td Js] and won ($7.60) with a pair of Tens
Seat 3: meep meep folded on the Turn
Seat 4: Bake276 didn't bet (folded)
Seat 5: A A 2 3 5 8 K (button) didn't bet (folded)
Seat 6: GroundDown (small blind) folded on the Flop
Seat 7: SjR777 (big blind) folded on the Flop
Seat 8: CX25YY mucked [7h Ah] - a pair of Sevens



Full Tilt Poker Game #1149996722: Table Patriotic (speed) - $0.50/$1 - Limit Hold'em - 23:40:35 ET - 2006/10/25
Seat 2: kshinyshoesk ($30.75)
Seat 3: meep meep ($39.85)
Seat 4: Bake276 ($47.70)
Seat 5: A A 2 3 5 8 K ($37)
Seat 6: GroundDown ($20)
Seat 7: SjR777 ($69.70)
Seat 8: CX25YY ($34.25)
Seat 9: Mooftaz ($66)
SjR777 posts the small blind of $0.25
CX25YY posts the big blind of $0.50
The button is in seat #6
*** HOLE CARDS ***
Dealt to A A 2 3 5 8 K [8h 9c]
kshinyshoesk folds
meep meep folds
Bake276 folds
A A 2 3 5 8 K folds
GroundDown folds
SjR777 folds
Uncalled bet of $0.25 returned to CX25YY
CX25YY mucks
CX25YY wins the pot ($0.50)
*** SUMMARY ***
Total pot $0.50 | Rake $0
Seat 2: kshinyshoesk didn't bet (folded)
Seat 3: meep meep didn't bet (folded)
Seat 4: Bake276 didn't bet (folded)
Seat 5: A A 2 3 5 8 K didn't bet (folded)
Seat 6: GroundDown (button) didn't bet (folded)
Seat 7: SjR777 (small blind) folded before the Flop
Seat 8: CX25YY (big blind) collected ($0.50), mucked
Seat 9: Mooftaz is sitting out



Full Tilt Poker Game #1149998053: Table Patriotic (speed) - $0.50/$1 - Limit Hold'em - 23:40:51 ET - 2006/10/25
Seat 2: kshinyshoesk ($30.75)
Seat 3: meep meep ($39.85)
Seat 4: Bake276 ($47.70)
Seat 5: A A 2 3 5 8 K ($37)
Seat 6: GroundDown ($20)
Seat 7: SjR777 ($69.45)
Seat 8: CX25YY ($34.50)
Seat 9: Mooftaz ($66)
CX25YY posts the small blind of $0.25
Mooftaz posts the big blind of $0.50
The button is in seat #7
*** HOLE CARDS ***
Dealt to A A 2 3 5 8 K [Qh 3c]
kshinyshoesk folds
meep meep folds
Bake276 calls $0.50
A A 2 3 5 8 K folds
GroundDown folds
SjR777 folds
CX25YY calls $0.25
Mooftaz checks
*** FLOP *** [Kd Ad Kh]
CX25YY checks
Mooftaz checks
Bake276 bets $0.50
CX25YY calls $0.50
Mooftaz folds
*** TURN *** [Kd Ad Kh] [Th]
CX25YY checks
Bake276 checks
*** RIVER *** [Kd Ad Kh Th] [6d]
CX25YY bets $1
Bake276 raises to $2
CX25YY calls $1
*** SHOW DOWN ***
Bake276 shows [6h 6c] (a full house, Sixes full of Kings)
CX25YY mucks
Bake276 wins the pot ($6.20) with a full house, Sixes full of Kings
*** SUMMARY ***
Total pot $6.50 | Rake $0.30
Board: [Kd Ad Kh Th 6d]
Seat 2: kshinyshoesk didn't bet (folded)
Seat 3: meep meep didn't bet (folded)
Seat 4: Bake276 showed [6h 6c] and won ($6.20) with a full house, Sixes full of Kings
Seat 5: A A 2 3 5 8 K didn't bet (folded)
Seat 6: GroundDown didn't bet (folded)
Seat 7: SjR777 (button) didn't bet (folded)
Seat 8: CX25YY (small blind) mucked [Ah 7h] - two pair, Aces and Kings
Seat 9: Mooftaz (big blind) folded on the Flop



Full Tilt Poker Game #1150004395: Table Patriotic (speed) - $0.50/$1 - Limit Hold'em - 23:42:04 ET - 2006/10/25
Seat 2: kshinyshoesk ($30.75)
Seat 3: meep meep ($39.85)
Seat 4: Bake276 ($50.90)
Seat 5: A A 2 3 5 8 K ($37)
Seat 6: GroundDown ($20)
Seat 7: SjR777 ($69.45)
Seat 8: CX25YY ($31.50)
Seat 9: Mooftaz ($65.50)
Mooftaz posts the small blind of $0.25
kshinyshoesk posts the big blind of $0.50
The button is in seat #8
*** HOLE CARDS ***
Dealt to A A 2 3 5 8 K [2h 4d]
meep meep calls $0.50
Bake276 raises to $1
A A 2 3 5 8 K folds
GroundDown folds
SjR777 folds
CX25YY folds
Mooftaz calls $0.75
kshinyshoesk folds
Dapperdan33 sits down
meep meep calls $0.50
*** FLOP *** [6h Ac Ts]
Dapperdan33 adds $10
Mooftaz checks
meep meep checks
Bake276 bets $0.50
Mooftaz calls $0.50
meep meep folds
*** TURN *** [6h Ac Ts] [Jc]
Mooftaz bets $1
Bake276 calls $1
*** RIVER *** [6h Ac Ts Jc] [4s]
Mooftaz bets $1
Bake276 calls $1
*** SHOW DOWN ***
Mooftaz shows [Jh Th] (two pair, Jacks and Tens)
Bake276 mucks
Mooftaz wins the pot ($8.10) with two pair, Jacks and Tens
*** SUMMARY ***
Total pot $8.50 | Rake $0.40
Board: [6h Ac Ts Jc 4s]
Seat 2: kshinyshoesk (big blind) folded before the Flop
Seat 3: meep meep folded on the Flop
Seat 4: Bake276 mucked [Qh Ad] - a pair of Aces
Seat 5: A A 2 3 5 8 K didn't bet (folded)
Seat 6: GroundDown didn't bet (folded)
Seat 7: SjR777 didn't bet (folded)
Seat 8: CX25YY (button) didn't bet (folded)
Seat 9: Mooftaz (small blind) showed [Jh Th] and won ($8.10) with two pair, Jacks and Tens



Full Tilt Poker Game #1150009539: Table Patriotic (speed) - $0.50/$1 - Limit Hold'em - 23:43:03 ET - 2006/10/25
Seat 1: Dapperdan33 ($10)
Seat 2: kshinyshoesk ($30.25)
Seat 3: meep meep ($38.85)
Seat 4: Bake276 ($47.40)
Seat 5: A A 2 3 5 8 K ($37)
Seat 6: GroundDown ($20)
Seat 7: SjR777 ($69.45)
Seat 8: CX25YY ($31.50)
Seat 9: Mooftaz ($70.10)
kshinyshoesk posts the small blind of $0.25
meep meep posts the big blind of $0.50
The button is in seat #9
*** HOLE CARDS ***
Dealt to A A 2 3 5 8 K [7c 2h]
Bake276 folds
A A 2 3 5 8 K folds
GroundDown folds
SjR777 folds
CX25YY folds
Mooftaz folds
kshinyshoesk raises to $1
meep meep folds
Uncalled bet of $0.50 returned to kshinyshoesk
kshinyshoesk mucks
kshinyshoesk wins the pot ($1)
*** SUMMARY ***
Total pot $1 | Rake $0
Seat 1: Dapperdan33 is sitting out
Seat 2: kshinyshoesk (small blind) collected ($1), mucked
Seat 3: meep meep (big blind) folded before the Flop
Seat 4: Bake276 didn't bet (folded)
Seat 5: A A 2 3 5 8 K didn't bet (folded)
Seat 6: GroundDown didn't bet (folded)
Seat 7: SjR777 didn't bet (folded)
Seat 8: CX25YY didn't bet (folded)
Seat 9: Mooftaz (button) didn't bet (folded)



Full Tilt Poker Game #1150011809: Table Patriotic (speed) - $0.50/$1 - Limit Hold'em - 23:43:29 ET - 2006/10/25
Seat 1: Dapperdan33 ($10)
Seat 2: kshinyshoesk ($30.75)
Seat 3: meep meep ($38.35)
Seat 4: Bake276 ($47.40)
Seat 5: A A 2 3 5 8 K ($37)
Seat 6: GroundDown ($20)
Seat 7: SjR777 ($69.45)
Seat 8: CX25YY ($31.50)
Seat 9: Mooftaz ($70.10)
meep meep posts the small blind of $0.25
Bake276 posts the big blind of $0.50
Dapperdan33 posts $0.50
The button is in seat #2
*** HOLE CARDS ***
Dealt to A A 2 3 5 8 K [3s 4d]
A A 2 3 5 8 K folds
GroundDown folds
SjR777 folds
CX25YY folds
Mooftaz raises to $1
Dapperdan33 folds
kshinyshoesk folds
meep meep folds
Bake276 calls $0.50
*** FLOP *** [Ad Qh 8c]
Bake276 checks
Mooftaz bets $0.50
Bake276 calls $0.50
*** TURN *** [Ad Qh 8c] [Qd]
Bake276 checks
Mooftaz bets $1
Bake276 folds
Uncalled bet of $1 returned to Mooftaz
Mooftaz mucks
Mooftaz wins the pot ($3.60)
*** SUMMARY ***
Total pot $3.75 | Rake $0.15
Board: [Ad Qh 8c Qd]
Seat 1: Dapperdan33 folded before the Flop
Seat 2: kshinyshoesk (button) didn't bet (folded)
Seat 3: meep meep (small blind) folded before the Flop
Seat 4: Bake276 (big blind) folded on the Turn
Seat 5: A A 2 3 5 8 K didn't bet (folded)
Seat 6: GroundDown didn't bet (folded)
Seat 7: SjR777 didn't bet (folded)
Seat 8: CX25YY didn't bet (folded)
Seat 9: Mooftaz collected ($3.60), mucked



Full Tilt Poker Game #1150015113: Table Patriotic (speed) - $0.50/$1 - Limit Hold'em - 23:44:07 ET - 2006/10/25
Seat 1: Dapperdan33 ($9.50)
Seat 2: kshinyshoesk ($30.75)
Seat 3: meep meep ($38.10)
Seat 4: Bake276 ($45.90)
Seat 5: A A 2 3 5 8 K ($37)
Seat 6: GroundDown ($20)
Seat 7: SjR777 ($69.45)
Seat 8: CX25YY ($31.50)
Seat 9: Mooftaz ($72.20)
Bake276 posts the small blind of $0.25
A A 2 3 5 8 K posts the big blind of $0.50
The button is in seat #3
*** HOLE CARDS ***
Dealt to A A 2 3 5 8 K [2d Kh]
GroundDown folds
SjR777 folds
CX25YY calls $0.50
Mooftaz folds
Dapperdan33 calls $0.50
kshinyshoesk calls $0.50
meep meep calls $0.50
Bake276 folds
A A 2 3 5 8 K checks
*** FLOP *** [3h 2c 4c]
A A 2 3 5 8 K checks
CX25YY checks
GroundDown is sitting out
Dapperdan33 bets $0.50
kshinyshoesk calls $0.50
meep meep raises to $1
A A 2 3 5 8 K folds
CX25YY folds
Dapperdan33 calls $0.50
kshinyshoesk folds
*** TURN *** [3h 2c 4c] [2s]
Dapperdan33 checks
meep meep checks
*** RIVER *** [3h 2c 4c 2s] [Js]
Dapperdan33 checks
meep meep checks
*** SHOW DOWN ***
meep meep shows [Ac Qh] (a pair of Twos)
Dapperdan33 mucks
meep meep wins the pot ($5) with a pair of Twos
*** SUMMARY ***
Total pot $5.25 | Rake $0.25
Board: [3h 2c 4c 2s Js]
Seat 1: Dapperdan33 mucked [Ks 6s] - a pair of Twos
Seat 2: kshinyshoesk folded on the Flop
Seat 3: meep meep (button) showed [Ac Qh] and won ($5) with a pair of Twos
Seat 4: Bake276 (small blind) folded before the Flop
Seat 5: A A 2 3 5 8 K (big blind) folded on the Flop
Seat 6: GroundDown didn't bet (folded)
Seat 7: SjR777 didn't bet (folded)
Seat 8: CX25YY folded on the Flop
Seat 9: Mooftaz didn't bet (folded)



Full Tilt Poker Game #1150020880: Table Patriotic (speed) - $0.50/$1 - Limit Hold'em - 23:45:13 ET - 2006/10/25
Seat 1: Dapperdan33 ($8)
Seat 2: kshinyshoesk ($29.75)
Seat 3: meep meep ($41.60)
Seat 4: Bake276 ($45.65)
Seat 5: A A 2 3 5 8 K ($36.50)
Seat 6: GroundDown ($20), is sitting out
Seat 7: SjR777 ($69.45)
Seat 8: CX25YY ($31)
Seat 9: Mooftaz ($72.20)
A A 2 3 5 8 K posts the small blind of $0.25
SjR777 posts the big blind of $0.50
The button is in seat #4
*** HOLE CARDS ***
Dealt to A A 2 3 5 8 K [Ad Th]
CX25YY folds
Mooftaz folds
Dapperdan33 folds
kshinyshoesk raises to $1
meep meep folds
Bake276 folds
A A 2 3 5 8 K folds
SjR777 folds
Uncalled bet of $0.50 returned to kshinyshoesk
kshinyshoesk mucks
kshinyshoesk wins the pot ($1.25)
*** SUMMARY ***
Total pot $1.25 | Rake $0
Seat 1: Dapperdan33 didn't bet (folded)
Seat 2: kshinyshoesk collected ($1.25), mucked
Seat 3: meep meep didn't bet (folded)
Seat 4: Bake276 (button) didn't bet (folded)
Seat 5: A A 2 3 5 8 K (small blind) folded before the Flop
Seat 6: GroundDown is sitting out
Seat 7: SjR777 (big blind) folded before the Flop
Seat 8: CX25YY didn't bet (folded)
Seat 9: Mooftaz didn't bet (folded)



Full Tilt Poker Game #1150023133: Table Patriotic (speed) - $0.50/$1 - Limit Hold'em - 23:45:40 ET - 2006/10/25
Seat 1: Dapperdan33 ($8)
Seat 2: kshinyshoesk ($30.50)
Seat 3: meep meep ($41.60)
Seat 4: Bake276 ($45.65)
Seat 5: A A 2 3 5 8 K ($36.25)
Seat 6: GroundDown ($20), is sitting out
Seat 7: SjR777 ($68.95)
Seat 8: CX25YY ($31)
Seat 9: Mooftaz ($72.20)
SjR777 posts the small blind of $0.25
CX25YY posts the big blind of $0.50
The button is in seat #5
*** HOLE CARDS ***
Dealt to A A 2 3 5 8 K [6c Qs]
Mooftaz folds
Dapperdan33 calls $0.50
kshinyshoesk raises to $1
meep meep folds
Bake276 calls $1
A A 2 3 5 8 K folds
SjR777 folds
CX25YY calls $0.50
Dapperdan33 calls $0.50
*** FLOP *** [8c Ah Qh]
CX25YY checks
Dapperdan33 checks
kshinyshoesk bets $0.50
Bake276 folds
CX25YY has 7 seconds left to act
CX25YY folds
Dapperdan33 folds
Uncalled bet of $0.50 returned to kshinyshoesk
kshinyshoesk mucks
kshinyshoesk wins the pot ($4.05)
*** SUMMARY ***
Total pot $4.25 | Rake $0.20
Board: [8c Ah Qh]
Seat 1: Dapperdan33 folded on the Flop
Seat 2: kshinyshoesk collected ($4.05), mucked
Seat 3: meep meep didn't bet (folded)
Seat 4: Bake276 folded on the Flop
Seat 5: A A 2 3 5 8 K (button) didn't bet (folded)
Seat 6: GroundDown is sitting out
Seat 7: SjR777 (small blind) folded before the Flop
Seat 8: CX25YY (big blind) folded on the Flop
Seat 9: Mooftaz didn't bet (folded)



Full Tilt Poker Game #1150027700: Table Patriotic (speed) - $0.50/$1 - Limit Hold'em - 23:46:28 ET - 2006/10/25
Seat 1: Dapperdan33 ($7)
Seat 2: kshinyshoesk ($33.55)
Seat 3: meep meep ($41.60)
Seat 4: Bake276 ($44.65)
Seat 5: A A 2 3 5 8 K ($36.25)
Seat 6: GroundDown ($20), is sitting out
Seat 7: SjR777 ($68.70)
Seat 8: CX25YY ($30)
Seat 9: Mooftaz ($72.20)
CX25YY posts the small blind of $0.25
Mooftaz posts the big blind of $0.50
The button is in seat #7
*** HOLE CARDS ***
Dealt to A A 2 3 5 8 K [Ts 6s]
Dapperdan33 calls $0.50
kshinyshoesk folds
meep meep raises to $1
Bake276 folds
A A 2 3 5 8 K folds
SjR777 calls $1
CX25YY folds
Mooftaz calls $0.50
Dapperdan33 calls $0.50
*** FLOP *** [6d Jd Tc]
Mooftaz bets $0.50
Dapperdan33 folds
meep meep raises to $1
Dapperdan33 stands up
SjR777 calls $1
Mooftaz calls $0.50
*** TURN *** [6d Jd Tc] [2h]
Mooftaz checks
meep meep bets $1
SjR777 calls $1
Mooftaz calls $1
*** RIVER *** [6d Jd Tc 2h] [9d]
Mooftaz checks
meep meep checks
SjR777 checks
*** SHOW DOWN ***
meep meep shows [Kc Ks] (a pair of Kings)
GroundDown stands up
SjR777 mucks
Mooftaz mucks
meep meep wins the pot ($9.75) with a pair of Kings
*** SUMMARY ***
Total pot $10.25 | Rake $0.50
Board: [6d Jd Tc 2h 9d]
Seat 1: Dapperdan33 folded on the Flop
Seat 2: kshinyshoesk didn't bet (folded)
Seat 3: meep meep showed [Kc Ks] and won ($9.75) with a pair of Kings
Seat 4: Bake276 didn't bet (folded)
Seat 5: A A 2 3 5 8 K didn't bet (folded)
Seat 6: GroundDown is sitting out
Seat 7: SjR777 (button) mucked [Qh Jh] - a pair of Jacks
Seat 8: CX25YY (small blind) folded before the Flop
Seat 9: Mooftaz (big blind) mucked [Qd Th] - a pair of Tens



Full Tilt Poker Game #1150034381: Table Patriotic (speed) - $0.50/$1 - Limit Hold'em - 23:47:44 ET - 2006/10/25
Seat 2: kshinyshoesk ($33.55)
Seat 3: meep meep ($48.35)
Seat 4: Bake276 ($44.65)
Seat 5: A A 2 3 5 8 K ($36.25)
Seat 7: SjR777 ($65.70)
Seat 8: CX25YY ($29.75)
Seat 9: Mooftaz ($69.20)
Mooftaz posts the small blind of $0.25
kshinyshoesk posts the big blind of $0.50
The button is in seat #8
*** HOLE CARDS ***
Dealt to A A 2 3 5 8 K [Kd Jc]
meep meep calls $0.50
Bake276 folds
A A 2 3 5 8 K calls $0.50
SjR777 folds
CX25YY folds
Mooftaz folds
kshinyshoesk checks
*** FLOP *** [7c Js 9s]
kshinyshoesk bets $0.50
meep meep calls $0.50
A A 2 3 5 8 K calls $0.50
*** TURN *** [7c Js 9s] [8c]
kshinyshoesk checks
meep meep bets $1
A A 2 3 5 8 K calls $1
kshinyshoesk folds
*** RIVER *** [7c Js 9s 8c] [Kh]
meep meep checks
A A 2 3 5 8 K bets $1
meep meep calls $1
*** SHOW DOWN ***
A A 2 3 5 8 K shows [Kd Jc] (two pair, Kings and Jacks)
meep meep shows [9d 9h] (three of a kind, Nines)
meep meep wins the pot ($6.90) with three of a kind, Nines
*** SUMMARY ***
Total pot $7.25 | Rake $0.35
Board: [7c Js 9s 8c Kh]
Seat 2: kshinyshoesk (big blind) folded on the Turn
Seat 3: meep meep showed [9d 9h] and won ($6.90) with three of a kind, Nines
Seat 4: Bake276 didn't bet (folded)
Seat 5: A A 2 3 5 8 K showed [Kd Jc] and lost with two pair, Kings and Jacks
Seat 7: SjR777 didn't bet (folded)
Seat 8: CX25YY (button) didn't bet (folded)
Seat 9: Mooftaz (small blind) folded before the Flop



Full Tilt Poker Game #1150039564: Table Patriotic (speed) - $0.50/$1 - Limit Hold'em - 23:48:41 ET - 2006/10/25
Seat 2: kshinyshoesk ($32.55)
Seat 3: meep meep ($52.25)
Seat 4: Bake276 ($44.65)
Seat 5: A A 2 3 5 8 K ($33.25)
Seat 7: SjR777 ($65.70)
Seat 8: CX25YY ($29.75)
Seat 9: Mooftaz ($68.95)
kshinyshoesk posts the small blind of $0.25
meep meep posts the big blind of $0.50
The button is in seat #9
*** HOLE CARDS ***
Dealt to A A 2 3 5 8 K [9d Qs]
Bake276 folds
A A 2 3 5 8 K folds
SjR777 folds
CX25YY has 7 seconds left to act
CX25YY calls $0.50
Mooftaz folds
kshinyshoesk folds
meep meep checks
*** FLOP *** [Ac 9h 2d]
meep meep checks
CX25YY checks
*** TURN *** [Ac 9h 2d] [4d]
meep meep checks
CX25YY checks
*** RIVER *** [Ac 9h 2d 4d] [Jc]
meep meep checks
CX25YY checks
*** SHOW DOWN ***
meep meep shows [5h Tc] (Ace Jack high)
CX25YY shows [Kc 7c] (Ace King high)
CX25YY wins the pot ($1.20) with Ace King high
*** SUMMARY ***
Total pot $1.25 | Rake $0.05
Board: [Ac 9h 2d 4d Jc]
Seat 2: kshinyshoesk (small blind) folded before the Flop
Seat 3: meep meep (big blind) showed [5h Tc] and lost with Ace Jack high
Seat 4: Bake276 didn't bet (folded)
Seat 5: A A 2 3 5 8 K didn't bet (folded)
Seat 7: SjR777 didn't bet (folded)
Seat 8: CX25YY showed [Kc 7c] and won ($1.20) with Ace King high
Seat 9: Mooftaz (button) didn't bet (folded)



Full Tilt Poker Game #1150042862: Table Patriotic (speed) - $0.50/$1 - Limit Hold'em - 23:49:17 ET - 2006/10/25
Seat 2: kshinyshoesk ($32.30)
Seat 3: meep meep ($51.75)
Seat 4: Bake276 ($44.65)
Seat 5: A A 2 3 5 8 K ($33.25)
Seat 7: SjR777 ($65.70)
Seat 8: CX25YY ($30.45)
Seat 9: Mooftaz ($68.95)
meep meep posts the small blind of $0.25
Bake276 posts the big blind of $0.50
The button is in seat #2
*** HOLE CARDS ***
Dealt to A A 2 3 5 8 K [8h 7c]
A A 2 3 5 8 K folds
SjR777 folds
CX25YY has 7 seconds left to act
CX25YY calls $0.50
Mooftaz folds
kshinyshoesk folds
meep meep calls $0.25
Bake276 checks
*** FLOP *** [3c Qs 2h]
meep meep checks
Bake276 checks
CX25YY checks
*** TURN *** [3c Qs 2h] [Kc]
meep meep checks
Bake276 checks
CX25YY has 7 seconds left to act
CX25YY bets $1
meep meep calls $1
Bake276 folds
*** RIVER *** [3c Qs 2h Kc] [7d]
meep meep checks
CX25YY bets $1
meep meep calls $1
*** SHOW DOWN ***
CX25YY shows [2s 5s] (a pair of Twos)
meep meep shows [Kh Tc] (a pair of Kings)
meep meep wins the pot ($5.25) with a pair of Kings
*** SUMMARY ***
Total pot $5.50 | Rake $0.25
Board: [3c Qs 2h Kc 7d]
Seat 2: kshinyshoesk (button) didn't bet (folded)
Seat 3: meep meep (small blind) showed [Kh Tc] and won ($5.25) with a pair of Kings
Seat 4: Bake276 (big blind) folded on the Turn
Seat 5: A A 2 3 5 8 K didn't bet (folded)
Seat 7: SjR777 didn't bet (folded)
Seat 8: CX25YY showed [2s 5s] and lost with a pair of Twos
Seat 9: Mooftaz didn't bet (folded)



Full Tilt Poker Game #1150048731: Table Patriotic (speed) - $0.50/$1 - Limit Hold'em - 23:50:23 ET - 2006/10/25
Seat 2: kshinyshoesk ($32.30)
Seat 3: meep meep ($54.50)
Seat 4: Bake276 ($44.15)
Seat 5: A A 2 3 5 8 K ($33.25)
Seat 7: SjR777 ($65.70)
Seat 8: CX25YY ($27.95)
Seat 9: Mooftaz ($68.95)
Bake276 posts the small blind of $0.25
A A 2 3 5 8 K posts the big blind of $0.50
The button is in seat #3
*** HOLE CARDS ***
Dealt to A A 2 3 5 8 K [7s 5d]
SjR777 raises to $1
CX25YY has 7 seconds left to act
CX25YY folds
Mooftaz folds
kshinyshoesk folds
meep meep calls $1
Bake276 folds
A A 2 3 5 8 K folds
*** FLOP *** [Ac 6c 5s]
SjR777 bets $0.50
meep meep folds
Uncalled bet of $0.50 returned to SjR777
SjR777 mucks
SjR777 wins the pot ($2.65)
*** SUMMARY ***
Total pot $2.75 | Rake $0.10
Board: [Ac 6c 5s]
Seat 2: kshinyshoesk didn't bet (folded)
Seat 3: meep meep (button) folded on the Flop
Seat 4: Bake276 (small blind) folded before the Flop
Seat 5: A A 2 3 5 8 K (big blind) folded before the Flop
Seat 7: SjR777 collected ($2.65), mucked
Seat 8: CX25YY didn't bet (folded)
Seat 9: Mooftaz didn't bet (folded)



Full Tilt Poker Game #1150051695: Table Patriotic (speed) - $0.50/$1 - Limit Hold'em - 23:50:56 ET - 2006/10/25
Seat 2: kshinyshoesk ($32.30)
Seat 3: meep meep ($53.50)
Seat 4: Bake276 ($43.90)
Seat 5: A A 2 3 5 8 K ($32.75)
Seat 7: SjR777 ($67.35)
Seat 8: CX25YY ($27.95)
Seat 9: Mooftaz ($68.95)
A A 2 3 5 8 K posts the small blind of $0.25
SjR777 posts the big blind of $0.50
The button is in seat #4
*** HOLE CARDS ***
Dealt to A A 2 3 5 8 K [6s Qs]
CX25YY calls $0.50
Mooftaz folds
kshinyshoesk folds
meep meep calls $0.50
Bake276 folds
A A 2 3 5 8 K calls $0.25
SjR777 checks
*** FLOP *** [9d 7c Ac]
A A 2 3 5 8 K checks
AC_Sam sits down
SjR777 checks
CX25YY has 7 seconds left to act
CX25YY bets $0.50
meep meep folds
A A 2 3 5 8 K folds
SjR777 folds
Uncalled bet of $0.50 returned to CX25YY
CX25YY mucks
CX25YY wins the pot ($1.90)
*** SUMMARY ***
Total pot $2 | Rake $0.10
Board: [9d 7c Ac]
Seat 2: kshinyshoesk didn't bet (folded)
Seat 3: meep meep folded on the Flop
Seat 4: Bake276 (button) didn't bet (folded)
Seat 5: A A 2 3 5 8 K (small blind) folded on the Flop
Seat 7: SjR777 (big blind) folded on the Flop
Seat 8: CX25YY collected ($1.90), mucked
Seat 9: Mooftaz didn't bet (folded)



Full Tilt Poker Game #1150056742: Table Patriotic (speed) - $0.50/$1 - Limit Hold'em - 23:51:54 ET - 2006/10/25
Seat 2: kshinyshoesk ($32.30)
Seat 3: meep meep ($53)
Seat 4: Bake276 ($43.90)
Seat 5: A A 2 3 5 8 K ($32.25)
Seat 7: SjR777 ($66.85)
Seat 8: CX25YY ($29.35)
Seat 9: Mooftaz ($68.95)
SjR777 posts the small blind of $0.25
CX25YY posts the big blind of $0.50
The button is in seat #5
*** HOLE CARDS ***
Dealt to A A 2 3 5 8 K [Qc 2d]
Mooftaz folds
kshinyshoesk folds
meep meep folds
Bake276 folds
rypinoy sits down
A A 2 3 5 8 K folds
rypinoy adds $10
SjR777 raises to $1
CX25YY calls $0.50
*** FLOP *** [Ts Ac 4c]
SjR777 bets $0.50
AC_Sam stands up
CX25YY has 7 seconds left to act
CX25YY folds
Uncalled bet of $0.50 returned to SjR777
SjR777 mucks
SjR777 wins the pot ($1.90)
*** SUMMARY ***
Total pot $2 | Rake $0.10
Board: [Ts Ac 4c]
Seat 2: kshinyshoesk didn't bet (folded)
Seat 3: meep meep didn't bet (folded)
Seat 4: Bake276 didn't bet (folded)
Seat 5: A A 2 3 5 8 K (button) didn't bet (folded)
Seat 7: SjR777 (small blind) collected ($1.90), mucked
Seat 8: CX25YY (big blind) folded on the Flop
Seat 9: Mooftaz didn't bet (folded)



Full Tilt Poker Game #1150060788: Table Patriotic (speed) - $0.50/$1 - Limit Hold'em - 23:52:40 ET - 2006/10/25
Seat 2: kshinyshoesk ($32.30)
Seat 3: meep meep ($53)
Seat 4: Bake276 ($43.90)
Seat 5: A A 2 3 5 8 K ($32.25)
Seat 6: rypinoy ($10)
Seat 7: SjR777 ($67.75)
Seat 8: CX25YY ($28.35)
Seat 9: Mooftaz ($68.95)
CX25YY posts the small blind of $0.25
Mooftaz posts the big blind of $0.50
rypinoy posts $0.50
The button is in seat #7
*** HOLE CARDS ***
Dealt to A A 2 3 5 8 K [Jc Qh]
kshinyshoesk folds
meep meep folds
Bake276 folds
A A 2 3 5 8 K calls $0.50
rypinoy checks
SjR777 folds
CX25YY calls $0.25
Mooftaz checks
*** FLOP *** [8c 9s 7d]
CX25YY has 7 seconds left to act
CX25YY checks
Mooftaz bets $0.50
A A 2 3 5 8 K calls $0.50
rypinoy calls $0.50
CX25YY calls $0.50
*** TURN *** [8c 9s 7d] [7s]
CX25YY checks
Mooftaz bets $1
A A 2 3 5 8 K folds
rypinoy raises to $2
CX25YY raises to $3
Mooftaz folds
rypinoy calls $1
*** RIVER *** [8c 9s 7d 7s] [Ac]
CX25YY bets $1
rypinoy calls $1
*** SHOW DOWN ***
CX25YY shows [5h 6h] (a straight, Nine high)
rypinoy mucks
CX25YY wins the pot ($12.50) with a straight, Nine high
*** SUMMARY ***
Total pot $13 | Rake $0.50
Board: [8c 9s 7d 7s Ac]
Seat 2: kshinyshoesk didn't bet (folded)
Seat 3: meep meep didn't bet (folded)
Seat 4: Bake276 didn't bet (folded)
Seat 5: A A 2 3 5 8 K folded on the Turn
Seat 6: rypinoy mucked [4s 7c] - three of a kind, Sevens
Seat 7: SjR777 (button) didn't bet (folded)
Seat 8: CX25YY (small blind) showed [5h 6h] and won ($12.50) with a straight, Nine high
Seat 9: Mooftaz (big blind) folded on the Turn



Full Tilt Poker Game #1150067737: Table Patriotic (speed) - $0.50/$1 - Limit Hold'em - 23:53:59 ET - 2006/10/25
Seat 2: kshinyshoesk ($32.30)
Seat 3: meep meep ($53)
Seat 4: Bake276 ($43.90)
Seat 5: A A 2 3 5 8 K ($31.25)
Seat 6: rypinoy ($5)
Seat 7: SjR777 ($67.75)
Seat 8: CX25YY ($35.85)
Seat 9: Mooftaz ($66.95)
Mooftaz posts the small blind of $0.25
kshinyshoesk posts the big blind of $0.50
The button is in seat #8
*** HOLE CARDS ***
Dealt to A A 2 3 5 8 K [5s Qh]
meep meep folds
Bake276 folds
A A 2 3 5 8 K folds
rypinoy raises to $1
SjR777 folds
CX25YY folds
Mooftaz folds
kshinyshoesk folds
Uncalled bet of $0.50 returned to rypinoy
rypinoy mucks
rypinoy wins the pot ($1.25)
*** SUMMARY ***
Total pot $1.25 | Rake $0
Seat 2: kshinyshoesk (big blind) folded before the Flop
Seat 3: meep meep didn't bet (folded)
Seat 4: Bake276 didn't bet (folded)
Seat 5: A A 2 3 5 8 K didn't bet (folded)
Seat 6: rypinoy collected ($1.25), mucked
Seat 7: SjR777 didn't bet (folded)
Seat 8: CX25YY (button) didn't bet (folded)
Seat 9: Mooftaz (small blind) folded before the Flop



Full Tilt Poker Game #1150069553: Table Patriotic (speed) - $0.50/$1 - Limit Hold'em - 23:54:19 ET - 2006/10/25
Seat 2: kshinyshoesk ($31.80)
Seat 3: meep meep ($53)
Seat 4: Bake276 ($43.90)
Seat 5: A A 2 3 5 8 K ($31.25)
Seat 6: rypinoy ($5.75)
Seat 7: SjR777 ($67.75)
Seat 8: CX25YY ($35.85)
Seat 9: Mooftaz ($66.70)
kshinyshoesk posts the small blind of $0.25
meep meep posts the big blind of $0.50
The button is in seat #9
*** HOLE CARDS ***
Dealt to A A 2 3 5 8 K [Jc 3h]
Hejduk sits down
Bake276 folds
A A 2 3 5 8 K folds
rypinoy folds
SjR777 folds
Hejduk adds $38.15
CX25YY folds
Mooftaz raises to $1
kshinyshoesk folds
meep meep folds
Uncalled bet of $0.50 returned to Mooftaz
Mooftaz mucks
Mooftaz wins the pot ($1.25)
*** SUMMARY ***
Total pot $1.25 | Rake $0
Seat 2: kshinyshoesk (small blind) folded before the Flop
Seat 3: meep meep (big blind) folded before the Flop
Seat 4: Bake276 didn't bet (folded)
Seat 5: A A 2 3 5 8 K didn't bet (folded)
Seat 6: rypinoy didn't bet (folded)
Seat 7: SjR777 didn't bet (folded)
Seat 8: CX25YY didn't bet (folded)
Seat 9: Mooftaz (button) collected ($1.25), mucked



Full Tilt Poker Game #1150072232: Table Patriotic (speed) - $0.50/$1 - Limit Hold'em - 23:54:50 ET - 2006/10/25
Seat 1: Hejduk ($38.15)
Seat 2: kshinyshoesk ($31.55)
Seat 3: meep meep ($52.50)
Seat 4: Bake276 ($43.90)
Seat 5: A A 2 3 5 8 K ($31.25)
Seat 6: rypinoy ($5.75)
Seat 7: SjR777 ($67.75)
Seat 8: CX25YY ($35.85)
Seat 9: Mooftaz ($67.45)
meep meep posts the small blind of $0.25
Bake276 posts the big blind of $0.50
Hejduk posts $0.50
The button is in seat #2
*** HOLE CARDS ***
Dealt to A A 2 3 5 8 K [Ad 6d]
A A 2 3 5 8 K folds
rypinoy folds
SjR777 has 7 seconds left to act
SjR777 folds
CX25YY has 7 seconds left to act
CX25YY is sitting out
CX25YY has timed out
CX25YY folds
Mooftaz folds
Hejduk checks
kshinyshoesk folds
meep meep folds
Bake276 checks
*** FLOP *** [Ac 5s Ks]
Bake276 bets $0.50
Hejduk calls $0.50
*** TURN *** [Ac 5s Ks] [6c]
Bake276 checks
Hejduk bets $1
Bake276 folds
Uncalled bet of $1 returned to Hejduk
Hejduk mucks
Hejduk wins the pot ($2.15)
*** SUMMARY ***
Total pot $2.25 | Rake $0.10
Board: [Ac 5s Ks 6c]
Seat 1: Hejduk collected ($2.15), mucked
Seat 2: kshinyshoesk (button) didn't bet (folded)
Seat 3: meep meep (small blind) folded before the Flop
Seat 4: Bake276 (big blind) folded on the Turn
Seat 5: A A 2 3 5 8 K didn't bet (folded)
Seat 6: rypinoy didn't bet (folded)
Seat 7: SjR777 didn't bet (folded)
Seat 8: CX25YY didn't bet (folded)
Seat 9: Mooftaz didn't bet (folded)



Full Tilt Poker Game #1150077945: Table Patriotic (speed) - $0.50/$1 - Limit Hold'em - 23:55:56 ET - 2006/10/25
Seat 1: Hejduk ($39.30)
Seat 2: kshinyshoesk ($31.55)
Seat 3: meep meep ($52.25)
Seat 4: Bake276 ($42.90)
Seat 5: A A 2 3 5 8 K ($31.25)
Seat 6: rypinoy ($5.75)
Seat 7: SjR777 ($67.75)
Seat 8: CX25YY ($35.85), is sitting out
Seat 9: Mooftaz ($67.45)
Bake276 posts the small blind of $0.25
A A 2 3 5 8 K posts the big blind of $0.50
The button is in seat #3
*** HOLE CARDS ***
Dealt to A A 2 3 5 8 K [7h 3d]
rypinoy raises to $1
SjR777 folds
Mooftaz folds
Hejduk folds
kshinyshoesk folds
meep meep folds
Bake276 folds
A A 2 3 5 8 K folds
Uncalled bet of $0.50 returned to rypinoy
rypinoy mucks
rypinoy wins the pot ($1.25)
*** SUMMARY ***
Total pot $1.25 | Rake $0
Seat 1: Hejduk didn't bet (folded)
Seat 2: kshinyshoesk didn't bet (folded)
Seat 3: meep meep (button) didn't bet (folded)
Seat 4: Bake276 (small blind) folded before the Flop
Seat 5: A A 2 3 5 8 K (big blind) folded before the Flop
Seat 6: rypinoy collected ($1.25), mucked
Seat 7: SjR777 didn't bet (folded)
Seat 8: CX25YY is sitting out
Seat 9: Mooftaz didn't bet (folded)



Full Tilt Poker Game #1150079804: Table Patriotic (speed) - $0.50/$1 - Limit Hold'em - 23:56:18 ET - 2006/10/25
Seat 1: Hejduk ($39.30)
Seat 2: kshinyshoesk ($31.55)
Seat 3: meep meep ($52.25)
Seat 4: Bake276 ($42.65)
Seat 5: A A 2 3 5 8 K ($30.75)
Seat 6: rypinoy ($6.50)
Seat 7: SjR777 ($67.75)
Seat 8: CX25YY ($35.85), is sitting out
Seat 9: Mooftaz ($67.45)
A A 2 3 5 8 K posts the small blind of $0.25
rypinoy posts the big blind of $0.50
The button is in seat #4
*** HOLE CARDS ***
Dealt to A A 2 3 5 8 K [2s Jd]
SjR777 folds
Mooftaz folds
Hejduk calls $0.50
kshinyshoesk folds
meep meep folds
Bake276 folds
A A 2 3 5 8 K calls $0.25
rypinoy checks
*** FLOP *** [3d Ts 6d]
A A 2 3 5 8 K checks
rypinoy checks
Hejduk bets $0.50
A A 2 3 5 8 K folds
rypinoy calls $0.50
*** TURN *** [3d Ts 6d] [Qh]
rypinoy checks
Hejduk bets $1
rypinoy folds
Uncalled bet of $1 returned to Hejduk
Hejduk mucks
Hejduk wins the pot ($2.40)
*** SUMMARY ***
Total pot $2.50 | Rake $0.10
Board: [3d Ts 6d Qh]
Seat 1: Hejduk collected ($2.40), mucked
Seat 2: kshinyshoesk didn't bet (folded)
Seat 3: meep meep didn't bet (folded)
Seat 4: Bake276 (button) didn't bet (folded)
Seat 5: A A 2 3 5 8 K (small blind) folded on the Flop
Seat 6: rypinoy (big blind) folded on the Turn
Seat 7: SjR777 didn't bet (folded)
Seat 8: CX25YY is sitting out
Seat 9: Mooftaz didn't bet (folded)



Full Tilt Poker Game #1150083861: Table Patriotic (speed) - $0.50/$1 - Limit Hold'em - 23:57:04 ET - 2006/10/25
Seat 1: Hejduk ($40.70)
Seat 2: kshinyshoesk ($31.55)
Seat 3: meep meep ($52.25)
Seat 4: Bake276 ($42.65)
Seat 5: A A 2 3 5 8 K ($30.25)
Seat 6: rypinoy ($5.50)
Seat 7: SjR777 ($67.75)
Seat 8: CX25YY ($35.85), is sitting out
Seat 9: Mooftaz ($67.45)
rypinoy posts the small blind of $0.25
SjR777 posts the big blind of $0.50
The button is in seat #5
*** HOLE CARDS ***
Dealt to A A 2 3 5 8 K [Kh 8c]
Mooftaz folds
Hejduk calls $0.50
kshinyshoesk calls $0.50
meep meep folds
Bake276 folds
A A 2 3 5 8 K folds
rypinoy calls $0.25
SjR777 checks
*** FLOP *** [6s Th 3d]
rypinoy checks
SjR777 checks
Hejduk checks
kshinyshoesk checks
*** TURN *** [6s Th 3d] [9c]
rypinoy bets $1
SjR777 calls $1
Hejduk folds
kshinyshoesk folds
*** RIVER *** [6s Th 3d 9c] [2d]
rypinoy bets $1
SjR777 folds
Uncalled bet of $1 returned to rypinoy
rypinoy mucks
rypinoy wins the pot ($3.80)
*** SUMMARY ***
Total pot $4 | Rake $0.20
Board: [6s Th 3d 9c 2d]
Seat 1: Hejduk folded on the Turn
Seat 2: kshinyshoesk folded on the Turn
Seat 3: meep meep didn't bet (folded)
Seat 4: Bake276 didn't bet (folded)
Seat 5: A A 2 3 5 8 K (button) didn't bet (folded)
Seat 6: rypinoy (small blind) collected ($3.80), mucked
Seat 7: SjR777 (big blind) folded on the River
Seat 8: CX25YY is sitting out
Seat 9: Mooftaz didn't bet (folded)



Full Tilt Poker Game #1150089053: Table Patriotic (speed) - $0.50/$1 - Limit Hold'em - 23:58:05 ET - 2006/10/25
Seat 1: Hejduk ($40.20)
Seat 2: kshinyshoesk ($31.05)
Seat 3: meep meep ($52.25)
Seat 4: Bake276 ($42.65)
Seat 5: A A 2 3 5 8 K ($30.25)
Seat 6: rypinoy ($7.80)
Seat 7: SjR777 ($66.25)
Seat 8: CX25YY ($35.85), is sitting out
Seat 9: Mooftaz ($67.45)
SjR777 posts the small blind of $0.25
Mooftaz posts the big blind of $0.50
The button is in seat #6
*** HOLE CARDS ***
Dealt to A A 2 3 5 8 K [3d 8d]
Hejduk calls $0.50
kshinyshoesk folds
meep meep raises to $1
Bake276 folds
A A 2 3 5 8 K folds
rypinoy folds
SjR777 folds
Mooftaz folds
Hejduk calls $0.50
*** FLOP *** [7d Qc 7h]
Hejduk checks
meep meep bets $0.50
Hejduk calls $0.50
*** TURN *** [7d Qc 7h] [4s]
Hejduk checks
meep meep bets $1
Hejduk raises to $2
meep meep calls $1
*** RIVER *** [7d Qc 7h 4s] [9s]
Hejduk bets $1
meep meep folds
Uncalled bet of $1 returned to Hejduk
Hejduk mucks
Hejduk wins the pot ($7.40)
*** SUMMARY ***
Total pot $7.75 | Rake $0.35
Board: [7d Qc 7h 4s 9s]
Seat 1: Hejduk collected ($7.40), mucked
Seat 2: kshinyshoesk didn't bet (folded)
Seat 3: meep meep folded on the River
Seat 4: Bake276 didn't bet (folded)
Seat 5: A A 2 3 5 8 K didn't bet (folded)
Seat 6: rypinoy (button) didn't bet (folded)
Seat 7: SjR777 (small blind) folded before the Flop
Seat 8: CX25YY is sitting out
Seat 9: Mooftaz (big blind) folded before the Flop



Full Tilt Poker Game #1150093809: Table Patriotic (speed) - $0.50/$1 - Limit Hold'em - 23:59:01 ET - 2006/10/25
Seat 1: Hejduk ($44.10)
Seat 2: kshinyshoesk ($31.05)
Seat 3: meep meep ($48.75)
Seat 4: Bake276 ($42.65)
Seat 5: A A 2 3 5 8 K ($30.25)
Seat 6: rypinoy ($7.80)
Seat 7: SjR777 ($66)
Seat 8: CX25YY ($35.85), is sitting out
Seat 9: Mooftaz ($66.95)
Mooftaz posts the small blind of $0.25
Hejduk posts the big blind of $0.50
The button is in seat #7
*** HOLE CARDS ***
Dealt to A A 2 3 5 8 K [Ac 3s]
kshinyshoesk folds
meep meep calls $0.50
Bake276 folds
A A 2 3 5 8 K folds
rypinoy calls $0.50
SjR777 folds
Mooftaz folds
Hejduk checks
*** FLOP *** [Ad 6c 9c]
Hejduk checks
meep meep bets $0.50
rypinoy folds
Hejduk folds
Uncalled bet of $0.50 returned to meep meep
meep meep mucks
meep meep wins the pot ($1.70)
*** SUMMARY ***
Total pot $1.75 | Rake $0.05
Board: [Ad 6c 9c]
Seat 1: Hejduk (big blind) folded on the Flop
Seat 2: kshinyshoesk didn't bet (folded)
Seat 3: meep meep collected ($1.70), mucked
Seat 4: Bake276 didn't bet (folded)
Seat 5: A A 2 3 5 8 K didn't bet (folded)
Seat 6: rypinoy folded on the Flop
Seat 7: SjR777 (button) didn't bet (folded)
Seat 8: CX25YY is sitting out
Seat 9: Mooftaz (small blind) folded before the Flop



